2025-03-23 21:04:10,422 - INFO - Loaded vertices:
2025-03-23 21:04:10,423 - INFO - [0. 0. 0.]
2025-03-23 21:04:10,423 - INFO - [1. 0. 0.]
2025-03-23 21:04:10,423 - INFO - [1. 1. 0.]
2025-03-23 21:04:10,423 - INFO - [0. 1. 0.]
2025-03-23 21:04:10,423 - INFO - [0. 1. 1.]
2025-03-23 21:04:10,423 - INFO - [0. 0. 1.]
2025-03-23 21:04:10,423 - INFO - [1. 0. 1.]
2025-03-23 21:04:10,424 - INFO - [1. 1. 1.]
2025-03-23 21:04:10,424 - INFO - Loaded facets:
2025-03-23 21:04:10,424 - INFO - (0, 1, 2, 3)
2025-03-23 21:04:10,424 - INFO - (0, 1, 6, 5)
2025-03-23 21:04:10,429 - INFO - 
After initial triangulation:
2025-03-23 21:04:10,429 - INFO - (0, 1, 8)
2025-03-23 21:04:10,429 - INFO - (1, 2, 8)
2025-03-23 21:04:10,429 - INFO - (2, 3, 8)
2025-03-23 21:04:10,430 - INFO - (3, 0, 8)
2025-03-23 21:04:10,430 - INFO - (0, 1, 9)
2025-03-23 21:04:10,430 - INFO - (1, 6, 9)
2025-03-23 21:04:10,430 - INFO - (6, 5, 9)
2025-03-23 21:04:10,430 - INFO - (5, 0, 9)
2025-03-23 21:04:40,923 - INFO - Loaded vertices:
2025-03-23 21:04:40,923 - INFO - [0. 0. 0.]
2025-03-23 21:04:40,923 - INFO - [1. 0. 0.]
2025-03-23 21:04:40,923 - INFO - [1. 1. 0.]
2025-03-23 21:04:40,923 - INFO - [0. 1. 0.]
2025-03-23 21:04:40,923 - INFO - [0. 1. 1.]
2025-03-23 21:04:40,923 - INFO - [0. 0. 1.]
2025-03-23 21:04:40,924 - INFO - [1. 0. 1.]
2025-03-23 21:04:40,924 - INFO - [1. 1. 1.]
2025-03-23 21:04:40,924 - INFO - Loaded facets:
2025-03-23 21:04:40,924 - INFO - (0, 1, 2, 3)
2025-03-23 21:04:40,924 - INFO - (0, 1, 6, 5)
2025-03-23 21:04:40,931 - INFO - 
After initial triangulation:
2025-03-23 21:04:40,933 - INFO - (0, 1, 8)
2025-03-23 21:04:40,933 - INFO - (1, 2, 8)
2025-03-23 21:04:40,933 - INFO - (2, 3, 8)
2025-03-23 21:04:40,933 - INFO - (3, 0, 8)
2025-03-23 21:04:40,933 - INFO - (0, 1, 9)
2025-03-23 21:04:40,933 - INFO - (1, 6, 9)
2025-03-23 21:04:40,933 - INFO - (6, 5, 9)
2025-03-23 21:04:40,933 - INFO - (5, 0, 9)
2025-03-23 21:07:11,661 - INFO - Loaded vertices:
2025-03-23 21:07:11,662 - INFO - [0. 0. 0.]
2025-03-23 21:07:11,662 - INFO - [1. 0. 0.]
2025-03-23 21:07:11,662 - INFO - [1. 1. 0.]
2025-03-23 21:07:11,662 - INFO - [0. 1. 0.]
2025-03-23 21:07:11,662 - INFO - [0. 1. 1.]
2025-03-23 21:07:11,662 - INFO - [0. 0. 1.]
2025-03-23 21:07:11,662 - INFO - [1. 0. 1.]
2025-03-23 21:07:11,662 - INFO - [1. 1. 1.]
2025-03-23 21:07:11,663 - INFO - Loaded facets:
2025-03-23 21:07:11,663 - INFO - (0, 1, 2, 3)
2025-03-23 21:07:11,663 - INFO - (0, 1, 6, 5)
2025-03-23 21:07:11,668 - INFO - 
After initial triangulation:
2025-03-23 21:07:11,668 - INFO - (0, 1, 8)
2025-03-23 21:07:11,668 - INFO - (1, 2, 8)
2025-03-23 21:07:11,668 - INFO - (2, 3, 8)
2025-03-23 21:07:11,668 - INFO - (3, 0, 8)
2025-03-23 21:07:11,668 - INFO - (0, 1, 9)
2025-03-23 21:07:11,669 - INFO - (1, 6, 9)
2025-03-23 21:07:11,669 - INFO - (6, 5, 9)
2025-03-23 21:07:11,669 - INFO - (5, 0, 9)
2025-03-23 21:15:12,789 - INFO - Loaded vertices:
2025-03-23 21:15:12,790 - INFO - [0. 0. 0.]
2025-03-23 21:15:12,790 - INFO - [1. 0. 0.]
2025-03-23 21:15:12,790 - INFO - [1. 1. 0.]
2025-03-23 21:15:12,790 - INFO - [0. 1. 0.]
2025-03-23 21:15:12,790 - INFO - [0. 1. 1.]
2025-03-23 21:15:12,790 - INFO - [0. 0. 1.]
2025-03-23 21:15:12,790 - INFO - [1. 0. 1.]
2025-03-23 21:15:12,791 - INFO - [1. 1. 1.]
2025-03-23 21:15:12,791 - INFO - Loaded facets:
2025-03-23 21:15:12,791 - INFO - (0, 1, 2, 3)
2025-03-23 21:15:12,791 - INFO - (0, 1, 6, 5)
2025-03-23 21:15:12,796 - INFO - 
After initial triangulation:
2025-03-23 21:15:12,796 - INFO - (0, 1, 8)
2025-03-23 21:15:12,796 - INFO - (1, 2, 8)
2025-03-23 21:15:12,796 - INFO - (2, 3, 8)
2025-03-23 21:15:12,797 - INFO - (3, 0, 8)
2025-03-23 21:15:12,797 - INFO - (0, 1, 9)
2025-03-23 21:15:12,797 - INFO - (1, 6, 9)
2025-03-23 21:15:12,797 - INFO - (6, 5, 9)
2025-03-23 21:15:12,797 - INFO - (5, 0, 9)
2025-03-23 21:15:53,846 - INFO - Loaded vertices:
2025-03-23 21:15:53,846 - INFO - [0. 0. 0.]
2025-03-23 21:15:53,846 - INFO - [1. 0. 0.]
2025-03-23 21:15:53,846 - INFO - [1. 1. 0.]
2025-03-23 21:15:53,847 - INFO - [0. 1. 0.]
2025-03-23 21:15:53,847 - INFO - [0. 1. 1.]
2025-03-23 21:15:53,847 - INFO - [0. 0. 1.]
2025-03-23 21:15:53,847 - INFO - [1. 0. 1.]
2025-03-23 21:15:53,847 - INFO - [1. 1. 1.]
2025-03-23 21:15:53,847 - INFO - Loaded facets:
2025-03-23 21:15:53,847 - INFO - (0, 1, 2, 3)
2025-03-23 21:15:53,847 - INFO - (0, 1, 6, 5)
2025-03-23 21:15:53,852 - INFO - 
After initial triangulation:
2025-03-23 21:15:53,852 - INFO - Number of vertices: 14
2025-03-23 21:15:53,852 - INFO - (0, 1, 8)
2025-03-23 21:15:53,852 - INFO - (1, 2, 8)
2025-03-23 21:15:53,852 - INFO - (2, 3, 8)
2025-03-23 21:15:53,852 - INFO - (3, 0, 8)
2025-03-23 21:15:53,852 - INFO - (0, 1, 9)
2025-03-23 21:15:53,852 - INFO - (1, 6, 9)
2025-03-23 21:15:53,852 - INFO - (6, 5, 9)
2025-03-23 21:15:53,852 - INFO - (5, 0, 9)
2025-03-23 21:15:53,862 - INFO - Initial volume of object: 1.0
2025-03-23 21:16:21,882 - INFO - Loaded vertices:
2025-03-23 21:16:21,882 - INFO - [0. 0. 0.]
2025-03-23 21:16:21,882 - INFO - [1. 0. 0.]
2025-03-23 21:16:21,882 - INFO - [1. 1. 0.]
2025-03-23 21:16:21,883 - INFO - [0. 1. 0.]
2025-03-23 21:16:21,883 - INFO - [0. 1. 1.]
2025-03-23 21:16:21,883 - INFO - [0. 0. 1.]
2025-03-23 21:16:21,883 - INFO - [1. 0. 1.]
2025-03-23 21:16:21,883 - INFO - [1. 1. 1.]
2025-03-23 21:16:21,883 - INFO - Loaded facets:
2025-03-23 21:16:21,883 - INFO - (0, 1, 2, 3)
2025-03-23 21:16:21,883 - INFO - (0, 1, 6, 5)
2025-03-23 21:16:21,887 - INFO - 
After initial triangulation:
2025-03-23 21:16:21,887 - INFO - Number of vertices: 14
2025-03-23 21:16:21,888 - INFO - (0, 1, 8) {'refine': False, 'fixed': True, 'energy': 'default'}
2025-03-23 21:16:21,888 - INFO - (1, 2, 8) {'refine': False, 'fixed': True, 'energy': 'default'}
2025-03-23 21:16:21,888 - INFO - (2, 3, 8) {'refine': False, 'fixed': True, 'energy': 'default'}
2025-03-23 21:16:21,888 - INFO - (3, 0, 8) {'refine': False, 'fixed': True, 'energy': 'default'}
2025-03-23 21:16:21,888 - INFO - (0, 1, 9) {'refine': True, 'energy': 'new_module'}
2025-03-23 21:16:21,888 - INFO - (1, 6, 9) {'refine': True, 'energy': 'new_module'}
2025-03-23 21:16:21,888 - INFO - (6, 5, 9) {'refine': True, 'energy': 'new_module'}
2025-03-23 21:16:21,888 - INFO - (5, 0, 9) {'refine': True, 'energy': 'new_module'}
2025-03-23 21:16:21,888 - INFO - (0, 3, 10) {}
2025-03-23 21:16:21,888 - INFO - (3, 4, 10) {}
2025-03-23 21:16:21,888 - INFO - (4, 5, 10) {}
2025-03-23 21:16:21,888 - INFO - (5, 0, 10) {}
2025-03-23 21:16:21,888 - INFO - (1, 2, 11) {}
2025-03-23 21:16:21,888 - INFO - (2, 7, 11) {}
2025-03-23 21:16:21,888 - INFO - (7, 6, 11) {}
2025-03-23 21:16:21,888 - INFO - (6, 1, 11) {}
2025-03-23 21:16:21,888 - INFO - (2, 3, 12) {}
2025-03-23 21:16:21,888 - INFO - (3, 4, 12) {}
2025-03-23 21:16:21,888 - INFO - (4, 7, 12) {}
2025-03-23 21:16:21,889 - INFO - (7, 2, 12) {}
2025-03-23 21:16:21,889 - INFO - (4, 5, 13) {}
2025-03-23 21:16:21,889 - INFO - (5, 6, 13) {}
2025-03-23 21:16:21,889 - INFO - (6, 7, 13) {}
2025-03-23 21:16:21,889 - INFO - (7, 4, 13) {}
2025-03-23 21:16:21,889 - INFO - Initial volume of object: 1.0
2025-03-23 21:16:45,661 - INFO - Loaded vertices:
2025-03-23 21:16:45,661 - INFO - [0. 0. 0.]
2025-03-23 21:16:45,661 - INFO - [1. 0. 0.]
2025-03-23 21:16:45,662 - INFO - [1. 1. 0.]
2025-03-23 21:16:45,662 - INFO - [0. 1. 0.]
2025-03-23 21:16:45,662 - INFO - [0. 1. 1.]
2025-03-23 21:16:45,662 - INFO - [0. 0. 1.]
2025-03-23 21:16:45,663 - INFO - [1. 0. 1.]
2025-03-23 21:16:45,664 - INFO - [1. 1. 1.]
2025-03-23 21:16:45,664 - INFO - Loaded facets:
2025-03-23 21:16:45,664 - INFO - (0, 1, 2, 3) {'refine': False, 'fixed': True, 'energy': 'default'}
2025-03-23 21:16:45,664 - INFO - (0, 1, 6, 5) {'refine': True, 'energy': 'new_module'}
2025-03-23 21:16:45,664 - INFO - (0, 3, 4, 5) {}
2025-03-23 21:16:45,664 - INFO - (1, 2, 7, 6) {}
2025-03-23 21:16:45,664 - INFO - (2, 3, 4, 7) {}
2025-03-23 21:16:45,664 - INFO - (4, 5, 6, 7) {}
2025-03-23 21:16:45,664 - INFO - 
After initial triangulation:
2025-03-23 21:16:45,664 - INFO - Number of vertices: 14
2025-03-23 21:16:45,664 - INFO - (0, 1, 8) {'refine': False, 'fixed': True, 'energy': 'default'}
2025-03-23 21:16:45,664 - INFO - (1, 2, 8) {'refine': False, 'fixed': True, 'energy': 'default'}
2025-03-23 21:16:45,664 - INFO - (2, 3, 8) {'refine': False, 'fixed': True, 'energy': 'default'}
2025-03-23 21:16:45,664 - INFO - (3, 0, 8) {'refine': False, 'fixed': True, 'energy': 'default'}
2025-03-23 21:16:45,664 - INFO - (0, 1, 9) {'refine': True, 'energy': 'new_module'}
2025-03-23 21:16:45,664 - INFO - (1, 6, 9) {'refine': True, 'energy': 'new_module'}
2025-03-23 21:16:45,664 - INFO - (6, 5, 9) {'refine': True, 'energy': 'new_module'}
2025-03-23 21:16:45,664 - INFO - (5, 0, 9) {'refine': True, 'energy': 'new_module'}
2025-03-23 21:16:45,664 - INFO - (0, 3, 10) {}
2025-03-23 21:16:45,668 - INFO - (3, 4, 10) {}
2025-03-23 21:16:45,669 - INFO - (4, 5, 10) {}
2025-03-23 21:16:45,669 - INFO - (5, 0, 10) {}
2025-03-23 21:16:45,669 - INFO - (1, 2, 11) {}
2025-03-23 21:16:45,669 - INFO - (2, 7, 11) {}
2025-03-23 21:16:45,669 - INFO - (7, 6, 11) {}
2025-03-23 21:16:45,669 - INFO - (6, 1, 11) {}
2025-03-23 21:16:45,669 - INFO - (2, 3, 12) {}
2025-03-23 21:16:45,669 - INFO - (3, 4, 12) {}
2025-03-23 21:16:45,669 - INFO - (4, 7, 12) {}
2025-03-23 21:16:45,669 - INFO - (7, 2, 12) {}
2025-03-23 21:16:45,669 - INFO - (4, 5, 13) {}
2025-03-23 21:16:45,669 - INFO - (5, 6, 13) {}
2025-03-23 21:16:45,669 - INFO - (6, 7, 13) {}
2025-03-23 21:16:45,669 - INFO - (7, 4, 13) {}
2025-03-23 21:16:45,669 - INFO - Initial volume of object: 1.0
2025-03-23 21:17:06,166 - INFO - Loaded vertices:
2025-03-23 21:17:06,166 - INFO - [0. 0. 0.]
2025-03-23 21:17:06,167 - INFO - [1. 0. 0.]
2025-03-23 21:17:06,167 - INFO - [1. 1. 0.]
2025-03-23 21:17:06,167 - INFO - [0. 1. 0.]
2025-03-23 21:17:06,167 - INFO - [0. 1. 1.]
2025-03-23 21:17:06,167 - INFO - [0. 0. 1.]
2025-03-23 21:17:06,167 - INFO - [1. 0. 1.]
2025-03-23 21:17:06,167 - INFO - [1. 1. 1.]
2025-03-23 21:17:06,167 - INFO - Loaded facets:
2025-03-23 21:17:06,167 - INFO - (0, 1, 2, 3) {'refine': False, 'fixed': True, 'energy': 'default'}
2025-03-23 21:17:06,167 - INFO - (0, 1, 6, 5) {'refine': True, 'energy': 'new_module'}
2025-03-23 21:17:06,167 - INFO - (0, 3, 4, 5) {}
2025-03-23 21:17:06,167 - INFO - (1, 2, 7, 6) {}
2025-03-23 21:17:06,168 - INFO - (2, 3, 4, 7) {}
2025-03-23 21:17:06,168 - INFO - (4, 5, 6, 7) {}
2025-03-23 21:17:06,168 - INFO - 
After initial triangulation:
2025-03-23 21:17:06,168 - INFO - Number of vertices: 14
2025-03-23 21:17:06,168 - INFO - (0, 1, 8) {'refine': False, 'fixed': True, 'energy': 'default'}
2025-03-23 21:17:06,169 - INFO - (1, 2, 8) {'refine': False, 'fixed': True, 'energy': 'default'}
2025-03-23 21:17:06,169 - INFO - (2, 3, 8) {'refine': False, 'fixed': True, 'energy': 'default'}
2025-03-23 21:17:06,169 - INFO - (3, 0, 8) {'refine': False, 'fixed': True, 'energy': 'default'}
2025-03-23 21:17:06,169 - INFO - (0, 1, 9) {'refine': True, 'energy': 'new_module'}
2025-03-23 21:17:06,169 - INFO - (1, 6, 9) {'refine': True, 'energy': 'new_module'}
2025-03-23 21:17:06,169 - INFO - (6, 5, 9) {'refine': True, 'energy': 'new_module'}
2025-03-23 21:17:06,169 - INFO - (5, 0, 9) {'refine': True, 'energy': 'new_module'}
2025-03-23 21:17:06,169 - INFO - (0, 3, 10) {}
2025-03-23 21:17:06,169 - INFO - (3, 4, 10) {}
2025-03-23 21:17:06,169 - INFO - (4, 5, 10) {}
2025-03-23 21:17:06,169 - INFO - (5, 0, 10) {}
2025-03-23 21:17:06,169 - INFO - (1, 2, 11) {}
2025-03-23 21:17:06,169 - INFO - (2, 7, 11) {}
2025-03-23 21:17:06,169 - INFO - (7, 6, 11) {}
2025-03-23 21:17:06,169 - INFO - (6, 1, 11) {}
2025-03-23 21:17:06,169 - INFO - (2, 3, 12) {}
2025-03-23 21:17:06,169 - INFO - (3, 4, 12) {}
2025-03-23 21:17:06,170 - INFO - (4, 7, 12) {}
2025-03-23 21:17:06,170 - INFO - (7, 2, 12) {}
2025-03-23 21:17:06,170 - INFO - (4, 5, 13) {}
2025-03-23 21:17:06,170 - INFO - (5, 6, 13) {}
2025-03-23 21:17:06,170 - INFO - (6, 7, 13) {}
2025-03-23 21:17:06,170 - INFO - (7, 4, 13) {}
2025-03-23 21:17:06,170 - INFO - Initial volume of object: 1.0
2025-03-23 21:17:34,021 - INFO - Loaded vertices:
2025-03-23 21:17:34,021 - INFO - [0. 0. 0.]
2025-03-23 21:17:34,021 - INFO - [1. 0. 0.]
2025-03-23 21:17:34,021 - INFO - [1. 1. 0.]
2025-03-23 21:17:34,021 - INFO - [0. 1. 0.]
2025-03-23 21:17:34,021 - INFO - [0. 1. 1.]
2025-03-23 21:17:34,022 - INFO - [0. 0. 1.]
2025-03-23 21:17:34,022 - INFO - [1. 0. 1.]
2025-03-23 21:17:34,022 - INFO - [1. 1. 1.]
2025-03-23 21:17:34,022 - INFO - Loaded facets:
2025-03-23 21:17:34,022 - INFO - (0, 1, 2, 3) {'refine': False, 'fixed': True, 'energy': 'default'}
2025-03-23 21:17:34,022 - INFO - (0, 1, 6, 5) {'refine': True, 'energy': 'new_module'}
2025-03-23 21:17:34,022 - INFO - (0, 3, 4, 5) {}
2025-03-23 21:17:34,022 - INFO - (1, 2, 7, 6) {}
2025-03-23 21:17:34,022 - INFO - (2, 3, 4, 7) {}
2025-03-23 21:17:34,022 - INFO - (4, 5, 6, 7) {}
2025-03-23 21:17:34,022 - INFO - 
After initial triangulation:
2025-03-23 21:17:34,025 - INFO - (0, 1, 8)
2025-03-23 21:17:34,025 - INFO - (1, 2, 8)
2025-03-23 21:17:34,025 - INFO - (2, 3, 8)
2025-03-23 21:17:34,025 - INFO - (3, 0, 8)
2025-03-23 21:17:34,025 - INFO - (0, 1, 9)
2025-03-23 21:17:34,025 - INFO - (1, 6, 9)
2025-03-23 21:17:34,025 - INFO - (6, 5, 9)
2025-03-23 21:17:34,025 - INFO - (5, 0, 9)
2025-03-23 21:17:34,037 - INFO - 
After refinement:
2025-03-23 21:17:34,037 - INFO - Number of vertices: 46
2025-03-23 21:17:34,037 - INFO - (0, 1, 8) {'refine': False, 'fixed': True, 'energy': 'default'}
2025-03-23 21:17:34,037 - INFO - (1, 2, 8) {'refine': False, 'fixed': True, 'energy': 'default'}
2025-03-23 21:17:34,037 - INFO - (2, 3, 8) {'refine': False, 'fixed': True, 'energy': 'default'}
2025-03-23 21:17:34,037 - INFO - (3, 0, 8) {'refine': False, 'fixed': True, 'energy': 'default'}
2025-03-23 21:17:34,037 - INFO - (0, 14, 16) {'refine': True, 'energy': 'new_module'}
2025-03-23 21:17:34,037 - INFO - (1, 15, 14) {'refine': True, 'energy': 'new_module'}
2025-03-23 21:17:34,037 - INFO - (9, 16, 15) {'refine': True, 'energy': 'new_module'}
2025-03-23 21:17:34,037 - INFO - (14, 15, 16) {'refine': True, 'energy': 'new_module'}
2025-03-23 21:17:34,037 - INFO - (1, 17, 15) {'refine': True, 'energy': 'new_module'}
2025-03-23 21:17:34,037 - INFO - (6, 18, 17) {'refine': True, 'energy': 'new_module'}
2025-03-23 21:17:34,037 - INFO - (9, 15, 18) {'refine': True, 'energy': 'new_module'}
2025-03-23 21:17:34,037 - INFO - (17, 18, 15) {'refine': True, 'energy': 'new_module'}
2025-03-23 21:17:34,038 - INFO - (6, 19, 18) {'refine': True, 'energy': 'new_module'}
2025-03-23 21:17:34,038 - INFO - (5, 20, 19) {'refine': True, 'energy': 'new_module'}
2025-03-23 21:17:34,038 - INFO - (9, 18, 20) {'refine': True, 'energy': 'new_module'}
2025-03-23 21:17:34,038 - INFO - (19, 20, 18) {'refine': True, 'energy': 'new_module'}
2025-03-23 21:17:34,038 - INFO - (5, 21, 20) {'refine': True, 'energy': 'new_module'}
2025-03-23 21:17:34,038 - INFO - (0, 16, 21) {'refine': True, 'energy': 'new_module'}
2025-03-23 21:17:34,038 - INFO - (9, 20, 16) {'refine': True, 'energy': 'new_module'}
2025-03-23 21:17:34,038 - INFO - (21, 16, 20) {'refine': True, 'energy': 'new_module'}
2025-03-23 21:17:34,038 - INFO - (0, 22, 24) {}
2025-03-23 21:17:34,038 - INFO - (3, 23, 22) {}
2025-03-23 21:17:34,038 - INFO - (10, 24, 23) {}
2025-03-23 21:17:34,038 - INFO - (22, 23, 24) {}
2025-03-23 21:17:34,038 - INFO - (3, 25, 23) {}
2025-03-23 21:17:34,038 - INFO - (4, 26, 25) {}
2025-03-23 21:17:34,038 - INFO - (10, 23, 26) {}
2025-03-23 21:17:34,039 - INFO - (25, 26, 23) {}
2025-03-23 21:17:34,039 - INFO - (4, 27, 26) {}
2025-03-23 21:17:34,039 - INFO - (5, 28, 27) {}
2025-03-23 21:17:34,039 - INFO - (10, 26, 28) {}
2025-03-23 21:17:34,039 - INFO - (27, 28, 26) {}
2025-03-23 21:17:34,039 - INFO - (5, 21, 28) {}
2025-03-23 21:17:34,039 - INFO - (0, 24, 21) {}
2025-03-23 21:17:34,039 - INFO - (10, 28, 24) {}
2025-03-23 21:17:34,039 - INFO - (21, 24, 28) {}
2025-03-23 21:17:34,039 - INFO - (1, 29, 31) {}
2025-03-23 21:17:34,039 - INFO - (2, 30, 29) {}
2025-03-23 21:17:34,039 - INFO - (11, 31, 30) {}
2025-03-23 21:17:34,039 - INFO - (29, 30, 31) {}
2025-03-23 21:17:34,039 - INFO - (2, 32, 30) {}
2025-03-23 21:17:34,039 - INFO - (7, 33, 32) {}
2025-03-23 21:17:34,039 - INFO - (11, 30, 33) {}
2025-03-23 21:17:34,039 - INFO - (32, 33, 30) {}
2025-03-23 21:17:34,039 - INFO - (7, 34, 33) {}
2025-03-23 21:17:34,039 - INFO - (6, 35, 34) {}
2025-03-23 21:17:34,039 - INFO - (11, 33, 35) {}
2025-03-23 21:17:34,039 - INFO - (34, 35, 33) {}
2025-03-23 21:17:34,039 - INFO - (6, 17, 35) {}
2025-03-23 21:17:34,039 - INFO - (1, 31, 17) {}
2025-03-23 21:17:34,039 - INFO - (11, 35, 31) {}
2025-03-23 21:17:34,040 - INFO - (17, 31, 35) {}
2025-03-23 21:17:34,040 - INFO - (2, 36, 38) {}
2025-03-23 21:17:34,040 - INFO - (3, 37, 36) {}
2025-03-23 21:17:34,040 - INFO - (12, 38, 37) {}
2025-03-23 21:17:34,040 - INFO - (36, 37, 38) {}
2025-03-23 21:17:34,040 - INFO - (3, 25, 37) {}
2025-03-23 21:17:34,040 - INFO - (4, 39, 25) {}
2025-03-23 21:17:34,040 - INFO - (12, 37, 39) {}
2025-03-23 21:17:34,040 - INFO - (25, 39, 37) {}
2025-03-23 21:17:34,040 - INFO - (4, 40, 39) {}
2025-03-23 21:17:34,040 - INFO - (7, 41, 40) {}
2025-03-23 21:17:34,040 - INFO - (12, 39, 41) {}
2025-03-23 21:17:34,040 - INFO - (40, 41, 39) {}
2025-03-23 21:17:34,041 - INFO - (7, 32, 41) {}
2025-03-23 21:17:34,041 - INFO - (2, 38, 32) {}
2025-03-23 21:17:34,041 - INFO - (12, 41, 38) {}
2025-03-23 21:17:34,041 - INFO - (32, 38, 41) {}
2025-03-23 21:17:34,041 - INFO - (4, 27, 43) {}
2025-03-23 21:17:34,041 - INFO - (5, 42, 27) {}
2025-03-23 21:17:34,041 - INFO - (13, 43, 42) {}
2025-03-23 21:17:34,041 - INFO - (27, 42, 43) {}
2025-03-23 21:17:34,041 - INFO - (5, 19, 42) {}
2025-03-23 21:17:34,041 - INFO - (6, 44, 19) {}
2025-03-23 21:17:34,041 - INFO - (13, 42, 44) {}
2025-03-23 21:17:34,041 - INFO - (19, 44, 42) {}
2025-03-23 21:17:34,041 - INFO - (6, 34, 44) {}
2025-03-23 21:17:34,041 - INFO - (7, 45, 34) {}
2025-03-23 21:17:34,041 - INFO - (13, 44, 45) {}
2025-03-23 21:17:34,041 - INFO - (34, 45, 44) {}
2025-03-23 21:17:34,042 - INFO - (7, 40, 45) {}
2025-03-23 21:17:34,042 - INFO - (4, 43, 40) {}
2025-03-23 21:17:34,042 - INFO - (13, 45, 43) {}
2025-03-23 21:17:34,042 - INFO - (40, 43, 45) {}
2025-03-23 21:18:13,475 - INFO - Loaded vertices:
2025-03-23 21:18:13,476 - INFO - [0. 0. 0.]
2025-03-23 21:18:13,476 - INFO - [1. 0. 0.]
2025-03-23 21:18:13,476 - INFO - [1. 1. 0.]
2025-03-23 21:18:13,476 - INFO - [0. 1. 0.]
2025-03-23 21:18:13,476 - INFO - [0. 1. 1.]
2025-03-23 21:18:13,476 - INFO - [0. 0. 1.]
2025-03-23 21:18:13,477 - INFO - [1. 0. 1.]
2025-03-23 21:18:13,477 - INFO - [1. 1. 1.]
2025-03-23 21:18:13,477 - INFO - Loaded facets:
2025-03-23 21:18:13,477 - INFO - (0, 1, 2, 3) {'refine': False, 'fixed': True, 'energy': 'default'}
2025-03-23 21:18:13,477 - INFO - (0, 1, 6, 5) {'refine': True, 'energy': 'new_module'}
2025-03-23 21:18:13,477 - INFO - (0, 3, 4, 5) {}
2025-03-23 21:18:13,477 - INFO - (1, 2, 7, 6) {}
2025-03-23 21:18:13,477 - INFO - (2, 3, 4, 7) {}
2025-03-23 21:18:13,477 - INFO - (4, 5, 6, 7) {}
2025-03-23 21:18:13,477 - INFO - 
After initial triangulation:
2025-03-23 21:18:13,479 - INFO - (0, 1, 8) {'refine': False, 'fixed': True, 'energy': 'default'}
2025-03-23 21:18:13,479 - INFO - (1, 2, 8) {'refine': False, 'fixed': True, 'energy': 'default'}
2025-03-23 21:18:13,479 - INFO - (2, 3, 8) {'refine': False, 'fixed': True, 'energy': 'default'}
2025-03-23 21:18:13,480 - INFO - (3, 0, 8) {'refine': False, 'fixed': True, 'energy': 'default'}
2025-03-23 21:18:13,480 - INFO - (0, 1, 9) {'refine': True, 'energy': 'new_module'}
2025-03-23 21:18:13,480 - INFO - (1, 6, 9) {'refine': True, 'energy': 'new_module'}
2025-03-23 21:18:13,480 - INFO - (6, 5, 9) {'refine': True, 'energy': 'new_module'}
2025-03-23 21:18:13,480 - INFO - (5, 0, 9) {'refine': True, 'energy': 'new_module'}
2025-03-23 21:18:13,480 - INFO - (0, 3, 10) {}
2025-03-23 21:18:13,480 - INFO - (3, 4, 10) {}
2025-03-23 21:18:13,480 - INFO - (4, 5, 10) {}
2025-03-23 21:18:13,480 - INFO - (5, 0, 10) {}
2025-03-23 21:18:13,480 - INFO - (1, 2, 11) {}
2025-03-23 21:18:13,480 - INFO - (2, 7, 11) {}
2025-03-23 21:18:13,480 - INFO - (7, 6, 11) {}
2025-03-23 21:18:13,480 - INFO - (6, 1, 11) {}
2025-03-23 21:18:13,480 - INFO - (2, 3, 12) {}
2025-03-23 21:18:13,481 - INFO - (3, 4, 12) {}
2025-03-23 21:18:13,481 - INFO - (4, 7, 12) {}
2025-03-23 21:18:13,481 - INFO - (7, 2, 12) {}
2025-03-23 21:18:13,481 - INFO - (4, 5, 13) {}
2025-03-23 21:18:13,481 - INFO - (5, 6, 13) {}
2025-03-23 21:18:13,481 - INFO - (6, 7, 13) {}
2025-03-23 21:18:13,481 - INFO - (7, 4, 13) {}
2025-03-23 21:18:13,482 - INFO - 
After refinement:
2025-03-23 21:18:13,482 - INFO - Number of vertices: 46
2025-03-23 21:18:13,482 - INFO - (0, 1, 8) {'refine': False, 'fixed': True, 'energy': 'default'}
2025-03-23 21:18:13,482 - INFO - (1, 2, 8) {'refine': False, 'fixed': True, 'energy': 'default'}
2025-03-23 21:18:13,482 - INFO - (2, 3, 8) {'refine': False, 'fixed': True, 'energy': 'default'}
2025-03-23 21:18:13,482 - INFO - (3, 0, 8) {'refine': False, 'fixed': True, 'energy': 'default'}
2025-03-23 21:18:13,482 - INFO - (0, 14, 16) {'refine': True, 'energy': 'new_module'}
2025-03-23 21:18:13,482 - INFO - (1, 15, 14) {'refine': True, 'energy': 'new_module'}
2025-03-23 21:18:13,482 - INFO - (9, 16, 15) {'refine': True, 'energy': 'new_module'}
2025-03-23 21:18:13,487 - INFO - (14, 15, 16) {'refine': True, 'energy': 'new_module'}
2025-03-23 21:18:13,487 - INFO - (1, 17, 15) {'refine': True, 'energy': 'new_module'}
2025-03-23 21:18:13,487 - INFO - (6, 18, 17) {'refine': True, 'energy': 'new_module'}
2025-03-23 21:18:13,487 - INFO - (9, 15, 18) {'refine': True, 'energy': 'new_module'}
2025-03-23 21:18:13,487 - INFO - (17, 18, 15) {'refine': True, 'energy': 'new_module'}
2025-03-23 21:18:13,487 - INFO - (6, 19, 18) {'refine': True, 'energy': 'new_module'}
2025-03-23 21:18:13,487 - INFO - (5, 20, 19) {'refine': True, 'energy': 'new_module'}
2025-03-23 21:18:13,487 - INFO - (9, 18, 20) {'refine': True, 'energy': 'new_module'}
2025-03-23 21:18:13,487 - INFO - (19, 20, 18) {'refine': True, 'energy': 'new_module'}
2025-03-23 21:18:13,487 - INFO - (5, 21, 20) {'refine': True, 'energy': 'new_module'}
2025-03-23 21:18:13,488 - INFO - (0, 16, 21) {'refine': True, 'energy': 'new_module'}
2025-03-23 21:18:13,488 - INFO - (9, 20, 16) {'refine': True, 'energy': 'new_module'}
2025-03-23 21:18:13,488 - INFO - (21, 16, 20) {'refine': True, 'energy': 'new_module'}
2025-03-23 21:18:13,488 - INFO - (0, 22, 24) {}
2025-03-23 21:18:13,488 - INFO - (3, 23, 22) {}
2025-03-23 21:18:13,488 - INFO - (10, 24, 23) {}
2025-03-23 21:18:13,488 - INFO - (22, 23, 24) {}
2025-03-23 21:18:13,488 - INFO - (3, 25, 23) {}
2025-03-23 21:18:13,488 - INFO - (4, 26, 25) {}
2025-03-23 21:18:13,488 - INFO - (10, 23, 26) {}
2025-03-23 21:18:13,488 - INFO - (25, 26, 23) {}
2025-03-23 21:18:13,488 - INFO - (4, 27, 26) {}
2025-03-23 21:18:13,488 - INFO - (5, 28, 27) {}
2025-03-23 21:18:13,488 - INFO - (10, 26, 28) {}
2025-03-23 21:18:13,488 - INFO - (27, 28, 26) {}
2025-03-23 21:18:13,488 - INFO - (5, 21, 28) {}
2025-03-23 21:18:13,488 - INFO - (0, 24, 21) {}
2025-03-23 21:18:13,488 - INFO - (10, 28, 24) {}
2025-03-23 21:18:13,488 - INFO - (21, 24, 28) {}
2025-03-23 21:18:13,488 - INFO - (1, 29, 31) {}
2025-03-23 21:18:13,489 - INFO - (2, 30, 29) {}
2025-03-23 21:18:13,489 - INFO - (11, 31, 30) {}
2025-03-23 21:18:13,489 - INFO - (29, 30, 31) {}
2025-03-23 21:18:13,489 - INFO - (2, 32, 30) {}
2025-03-23 21:18:13,489 - INFO - (7, 33, 32) {}
2025-03-23 21:18:13,489 - INFO - (11, 30, 33) {}
2025-03-23 21:18:13,489 - INFO - (32, 33, 30) {}
2025-03-23 21:18:13,489 - INFO - (7, 34, 33) {}
2025-03-23 21:18:13,489 - INFO - (6, 35, 34) {}
2025-03-23 21:18:13,489 - INFO - (11, 33, 35) {}
2025-03-23 21:18:13,489 - INFO - (34, 35, 33) {}
2025-03-23 21:18:13,489 - INFO - (6, 17, 35) {}
2025-03-23 21:18:13,489 - INFO - (1, 31, 17) {}
2025-03-23 21:18:13,489 - INFO - (11, 35, 31) {}
2025-03-23 21:18:13,489 - INFO - (17, 31, 35) {}
2025-03-23 21:18:13,489 - INFO - (2, 36, 38) {}
2025-03-23 21:18:13,489 - INFO - (3, 37, 36) {}
2025-03-23 21:18:13,489 - INFO - (12, 38, 37) {}
2025-03-23 21:18:13,490 - INFO - (36, 37, 38) {}
2025-03-23 21:18:13,490 - INFO - (3, 25, 37) {}
2025-03-23 21:18:13,490 - INFO - (4, 39, 25) {}
2025-03-23 21:18:13,490 - INFO - (12, 37, 39) {}
2025-03-23 21:18:13,490 - INFO - (25, 39, 37) {}
2025-03-23 21:18:13,490 - INFO - (4, 40, 39) {}
2025-03-23 21:18:13,490 - INFO - (7, 41, 40) {}
2025-03-23 21:18:13,490 - INFO - (12, 39, 41) {}
2025-03-23 21:18:13,490 - INFO - (40, 41, 39) {}
2025-03-23 21:18:13,490 - INFO - (7, 32, 41) {}
2025-03-23 21:18:13,490 - INFO - (2, 38, 32) {}
2025-03-23 21:18:13,490 - INFO - (12, 41, 38) {}
2025-03-23 21:18:13,490 - INFO - (32, 38, 41) {}
2025-03-23 21:18:13,490 - INFO - (4, 27, 43) {}
2025-03-23 21:18:13,490 - INFO - (5, 42, 27) {}
2025-03-23 21:18:13,490 - INFO - (13, 43, 42) {}
2025-03-23 21:18:13,490 - INFO - (27, 42, 43) {}
2025-03-23 21:18:13,490 - INFO - (5, 19, 42) {}
2025-03-23 21:18:13,490 - INFO - (6, 44, 19) {}
2025-03-23 21:18:13,490 - INFO - (13, 42, 44) {}
2025-03-23 21:18:13,490 - INFO - (19, 44, 42) {}
2025-03-23 21:18:13,490 - INFO - (6, 34, 44) {}
2025-03-23 21:18:13,490 - INFO - (7, 45, 34) {}
2025-03-23 21:18:13,490 - INFO - (13, 44, 45) {}
2025-03-23 21:18:13,490 - INFO - (34, 45, 44) {}
2025-03-23 21:18:13,490 - INFO - (7, 40, 45) {}
2025-03-23 21:18:13,490 - INFO - (4, 43, 40) {}
2025-03-23 21:18:13,490 - INFO - (13, 45, 43) {}
2025-03-23 21:18:13,491 - INFO - (40, 43, 45) {}
2025-03-23 21:18:40,139 - INFO - Loaded vertices:
2025-03-23 21:18:40,139 - INFO - [0. 0. 0.]
2025-03-23 21:18:40,139 - INFO - [1. 0. 0.]
2025-03-23 21:18:40,139 - INFO - [1. 1. 0.]
2025-03-23 21:18:40,139 - INFO - [0. 1. 0.]
2025-03-23 21:18:40,140 - INFO - [0. 1. 1.]
2025-03-23 21:18:40,140 - INFO - [0. 0. 1.]
2025-03-23 21:18:40,140 - INFO - [1. 0. 1.]
2025-03-23 21:18:40,140 - INFO - [1. 1. 1.]
2025-03-23 21:18:40,140 - INFO - Loaded facets:
2025-03-23 21:18:40,140 - INFO - (0, 1, 2, 3) {'refine': False, 'fixed': True, 'energy': 'default'}
2025-03-23 21:18:40,140 - INFO - (0, 1, 6, 5) {'refine': True, 'energy': 'new_module'}
2025-03-23 21:18:40,140 - INFO - (0, 3, 4, 5) {}
2025-03-23 21:18:40,140 - INFO - (1, 2, 7, 6) {}
2025-03-23 21:18:40,140 - INFO - (2, 3, 4, 7) {}
2025-03-23 21:18:40,140 - INFO - (4, 5, 6, 7) {}
2025-03-23 21:18:40,140 - INFO - 
After initial triangulation:
2025-03-23 21:18:40,140 - INFO - Number of vertices: 14
2025-03-23 21:18:40,140 - INFO - (0, 1, 8) {'refine': False, 'fixed': True, 'energy': 'default'}
2025-03-23 21:18:40,140 - INFO - (1, 2, 8) {'refine': False, 'fixed': True, 'energy': 'default'}
2025-03-23 21:18:40,140 - INFO - (2, 3, 8) {'refine': False, 'fixed': True, 'energy': 'default'}
2025-03-23 21:18:40,140 - INFO - (3, 0, 8) {'refine': False, 'fixed': True, 'energy': 'default'}
2025-03-23 21:18:40,141 - INFO - (0, 1, 9) {'refine': True, 'energy': 'new_module'}
2025-03-23 21:18:40,141 - INFO - (1, 6, 9) {'refine': True, 'energy': 'new_module'}
2025-03-23 21:18:40,141 - INFO - (6, 5, 9) {'refine': True, 'energy': 'new_module'}
2025-03-23 21:18:40,141 - INFO - (5, 0, 9) {'refine': True, 'energy': 'new_module'}
2025-03-23 21:18:40,141 - INFO - (0, 3, 10) {}
2025-03-23 21:18:40,141 - INFO - (3, 4, 10) {}
2025-03-23 21:18:40,141 - INFO - (4, 5, 10) {}
2025-03-23 21:18:40,141 - INFO - (5, 0, 10) {}
2025-03-23 21:18:40,141 - INFO - (1, 2, 11) {}
2025-03-23 21:18:40,141 - INFO - (2, 7, 11) {}
2025-03-23 21:18:40,141 - INFO - (7, 6, 11) {}
2025-03-23 21:18:40,141 - INFO - (6, 1, 11) {}
2025-03-23 21:18:40,141 - INFO - (2, 3, 12) {}
2025-03-23 21:18:40,141 - INFO - (3, 4, 12) {}
2025-03-23 21:18:40,141 - INFO - (4, 7, 12) {}
2025-03-23 21:18:40,141 - INFO - (7, 2, 12) {}
2025-03-23 21:18:40,141 - INFO - (4, 5, 13) {}
2025-03-23 21:18:40,141 - INFO - (5, 6, 13) {}
2025-03-23 21:18:40,141 - INFO - (6, 7, 13) {}
2025-03-23 21:18:40,141 - INFO - (7, 4, 13) {}
2025-03-23 21:18:40,141 - INFO - 
After refinement:
2025-03-23 21:18:40,141 - INFO - Number of vertices: 46
2025-03-23 21:18:40,142 - INFO - (0, 1, 8) {'refine': False, 'fixed': True, 'energy': 'default'}
2025-03-23 21:18:40,142 - INFO - (1, 2, 8) {'refine': False, 'fixed': True, 'energy': 'default'}
2025-03-23 21:18:40,142 - INFO - (2, 3, 8) {'refine': False, 'fixed': True, 'energy': 'default'}
2025-03-23 21:18:40,142 - INFO - (3, 0, 8) {'refine': False, 'fixed': True, 'energy': 'default'}
2025-03-23 21:18:40,142 - INFO - (0, 14, 16) {'refine': True, 'energy': 'new_module'}
2025-03-23 21:18:40,142 - INFO - (1, 15, 14) {'refine': True, 'energy': 'new_module'}
2025-03-23 21:18:40,142 - INFO - (9, 16, 15) {'refine': True, 'energy': 'new_module'}
2025-03-23 21:18:40,142 - INFO - (14, 15, 16) {'refine': True, 'energy': 'new_module'}
2025-03-23 21:18:40,142 - INFO - (1, 17, 15) {'refine': True, 'energy': 'new_module'}
2025-03-23 21:18:40,142 - INFO - (6, 18, 17) {'refine': True, 'energy': 'new_module'}
2025-03-23 21:18:40,142 - INFO - (9, 15, 18) {'refine': True, 'energy': 'new_module'}
2025-03-23 21:18:40,142 - INFO - (17, 18, 15) {'refine': True, 'energy': 'new_module'}
2025-03-23 21:18:40,144 - INFO - (6, 19, 18) {'refine': True, 'energy': 'new_module'}
2025-03-23 21:18:40,144 - INFO - (5, 20, 19) {'refine': True, 'energy': 'new_module'}
2025-03-23 21:18:40,144 - INFO - (9, 18, 20) {'refine': True, 'energy': 'new_module'}
2025-03-23 21:18:40,144 - INFO - (19, 20, 18) {'refine': True, 'energy': 'new_module'}
2025-03-23 21:18:40,144 - INFO - (5, 21, 20) {'refine': True, 'energy': 'new_module'}
2025-03-23 21:18:40,144 - INFO - (0, 16, 21) {'refine': True, 'energy': 'new_module'}
2025-03-23 21:18:40,144 - INFO - (9, 20, 16) {'refine': True, 'energy': 'new_module'}
2025-03-23 21:18:40,144 - INFO - (21, 16, 20) {'refine': True, 'energy': 'new_module'}
2025-03-23 21:18:40,144 - INFO - (0, 22, 24) {}
2025-03-23 21:18:40,144 - INFO - (3, 23, 22) {}
2025-03-23 21:18:40,144 - INFO - (10, 24, 23) {}
2025-03-23 21:18:40,144 - INFO - (22, 23, 24) {}
2025-03-23 21:18:40,144 - INFO - (3, 25, 23) {}
2025-03-23 21:18:40,144 - INFO - (4, 26, 25) {}
2025-03-23 21:18:40,144 - INFO - (10, 23, 26) {}
2025-03-23 21:18:40,144 - INFO - (25, 26, 23) {}
2025-03-23 21:18:40,144 - INFO - (4, 27, 26) {}
2025-03-23 21:18:40,144 - INFO - (5, 28, 27) {}
2025-03-23 21:18:40,144 - INFO - (10, 26, 28) {}
2025-03-23 21:18:40,144 - INFO - (27, 28, 26) {}
2025-03-23 21:18:40,144 - INFO - (5, 21, 28) {}
2025-03-23 21:18:40,144 - INFO - (0, 24, 21) {}
2025-03-23 21:18:40,144 - INFO - (10, 28, 24) {}
2025-03-23 21:18:40,144 - INFO - (21, 24, 28) {}
2025-03-23 21:18:40,144 - INFO - (1, 29, 31) {}
2025-03-23 21:18:40,144 - INFO - (2, 30, 29) {}
2025-03-23 21:18:40,145 - INFO - (11, 31, 30) {}
2025-03-23 21:18:40,145 - INFO - (29, 30, 31) {}
2025-03-23 21:18:40,145 - INFO - (2, 32, 30) {}
2025-03-23 21:18:40,145 - INFO - (7, 33, 32) {}
2025-03-23 21:18:40,145 - INFO - (11, 30, 33) {}
2025-03-23 21:18:40,145 - INFO - (32, 33, 30) {}
2025-03-23 21:18:40,145 - INFO - (7, 34, 33) {}
2025-03-23 21:18:40,145 - INFO - (6, 35, 34) {}
2025-03-23 21:18:40,145 - INFO - (11, 33, 35) {}
2025-03-23 21:18:40,145 - INFO - (34, 35, 33) {}
2025-03-23 21:18:40,145 - INFO - (6, 17, 35) {}
2025-03-23 21:18:40,145 - INFO - (1, 31, 17) {}
2025-03-23 21:18:40,145 - INFO - (11, 35, 31) {}
2025-03-23 21:18:40,145 - INFO - (17, 31, 35) {}
2025-03-23 21:18:40,145 - INFO - (2, 36, 38) {}
2025-03-23 21:18:40,145 - INFO - (3, 37, 36) {}
2025-03-23 21:18:40,145 - INFO - (12, 38, 37) {}
2025-03-23 21:18:40,145 - INFO - (36, 37, 38) {}
2025-03-23 21:18:40,145 - INFO - (3, 25, 37) {}
2025-03-23 21:18:40,145 - INFO - (4, 39, 25) {}
2025-03-23 21:18:40,146 - INFO - (12, 37, 39) {}
2025-03-23 21:18:40,146 - INFO - (25, 39, 37) {}
2025-03-23 21:18:40,146 - INFO - (4, 40, 39) {}
2025-03-23 21:18:40,146 - INFO - (7, 41, 40) {}
2025-03-23 21:18:40,146 - INFO - (12, 39, 41) {}
2025-03-23 21:18:40,146 - INFO - (40, 41, 39) {}
2025-03-23 21:18:40,146 - INFO - (7, 32, 41) {}
2025-03-23 21:18:40,146 - INFO - (2, 38, 32) {}
2025-03-23 21:18:40,146 - INFO - (12, 41, 38) {}
2025-03-23 21:18:40,146 - INFO - (32, 38, 41) {}
2025-03-23 21:18:40,146 - INFO - (4, 27, 43) {}
2025-03-23 21:18:40,146 - INFO - (5, 42, 27) {}
2025-03-23 21:18:40,146 - INFO - (13, 43, 42) {}
2025-03-23 21:18:40,146 - INFO - (27, 42, 43) {}
2025-03-23 21:18:40,146 - INFO - (5, 19, 42) {}
2025-03-23 21:18:40,146 - INFO - (6, 44, 19) {}
2025-03-23 21:18:40,146 - INFO - (13, 42, 44) {}
2025-03-23 21:18:40,146 - INFO - (19, 44, 42) {}
2025-03-23 21:18:40,147 - INFO - (6, 34, 44) {}
2025-03-23 21:18:40,147 - INFO - (7, 45, 34) {}
2025-03-23 21:18:40,147 - INFO - (13, 44, 45) {}
2025-03-23 21:18:40,147 - INFO - (34, 45, 44) {}
2025-03-23 21:18:40,147 - INFO - (7, 40, 45) {}
2025-03-23 21:18:40,147 - INFO - (4, 43, 40) {}
2025-03-23 21:18:40,147 - INFO - (13, 45, 43) {}
2025-03-23 21:18:40,147 - INFO - (40, 43, 45) {}
2025-03-23 21:18:52,385 - INFO - Starting geometry calculation.
2025-03-23 21:18:52,385 - DEBUG - Loaded vertices data successfully.
2025-03-23 21:18:52,385 - WARNING - Potential issue detected: vertex count mismatch.
2025-03-23 21:18:52,385 - ERROR - Error while computing volume constraint.
2025-03-23 21:18:52,385 - CRITICAL - Critical error! Cannot proceed further.
2025-03-23 21:21:36,508 - INFO - Loaded vertices:
2025-03-23 21:21:36,508 - INFO - [0. 0. 0.]
2025-03-23 21:21:36,508 - INFO - [1. 0. 0.]
2025-03-23 21:21:36,508 - INFO - [1. 1. 0.]
2025-03-23 21:21:36,510 - INFO - [0. 1. 0.]
2025-03-23 21:21:36,510 - INFO - [0. 1. 1.]
2025-03-23 21:21:36,510 - INFO - [0. 0. 1.]
2025-03-23 21:21:36,510 - INFO - [1. 0. 1.]
2025-03-23 21:21:36,510 - INFO - [1. 1. 1.]
2025-03-23 21:21:36,510 - INFO - Loaded facets:
2025-03-23 21:21:36,510 - INFO - (0, 1, 2, 3) {'refine': False, 'fixed': True, 'energy': 'default'}
2025-03-23 21:21:36,510 - INFO - (0, 1, 6, 5) {'refine': True, 'energy': 'new_module'}
2025-03-23 21:21:36,510 - INFO - (0, 3, 4, 5) {}
2025-03-23 21:21:36,510 - INFO - (1, 2, 7, 6) {}
2025-03-23 21:21:36,510 - INFO - (2, 3, 4, 7) {}
2025-03-23 21:21:36,510 - INFO - (4, 5, 6, 7) {}
2025-03-23 21:21:36,510 - INFO - 
After initial triangulation:
2025-03-23 21:21:48,368 - INFO - Loaded vertices:
2025-03-23 21:21:48,368 - INFO - [0. 0. 0.]
2025-03-23 21:21:48,368 - INFO - [1. 0. 0.]
2025-03-23 21:21:48,368 - INFO - [1. 1. 0.]
2025-03-23 21:21:48,368 - INFO - [0. 1. 0.]
2025-03-23 21:21:48,368 - INFO - [0. 1. 1.]
2025-03-23 21:21:48,369 - INFO - [0. 0. 1.]
2025-03-23 21:21:48,369 - INFO - [1. 0. 1.]
2025-03-23 21:21:48,369 - INFO - [1. 1. 1.]
2025-03-23 21:21:48,369 - INFO - Loaded facets:
2025-03-23 21:21:48,369 - INFO - (0, 1, 2, 3) {'refine': False, 'fixed': True, 'energy': 'default'}
2025-03-23 21:21:48,369 - INFO - (0, 1, 6, 5) {'refine': True, 'energy': 'new_module'}
2025-03-23 21:21:48,369 - INFO - (0, 3, 4, 5) {}
2025-03-23 21:21:48,369 - INFO - (1, 2, 7, 6) {}
2025-03-23 21:21:48,369 - INFO - (2, 3, 4, 7) {}
2025-03-23 21:21:48,369 - INFO - (4, 5, 6, 7) {}
2025-03-23 21:21:48,369 - INFO - 
After initial triangulation:
2025-03-23 21:21:48,369 - INFO - Number of vertices: 14
2025-03-23 21:21:48,369 - INFO - (0, 1, 8)
2025-03-23 21:21:48,369 - INFO - (1, 2, 8)
2025-03-23 21:21:48,369 - INFO - (2, 3, 8)
2025-03-23 21:21:48,369 - INFO - (3, 0, 8)
2025-03-23 21:21:48,369 - INFO - (0, 1, 9)
2025-03-23 21:21:48,369 - INFO - (1, 6, 9)
2025-03-23 21:21:48,369 - INFO - (6, 5, 9)
2025-03-23 21:21:48,369 - INFO - (5, 0, 9)
2025-03-23 21:21:48,382 - INFO - Initial volume of object: {'target volume': 1, 'current volume': None}
2025-03-23 21:22:06,208 - INFO - Loaded vertices:
2025-03-23 21:22:06,209 - INFO - [0. 0. 0.]
2025-03-23 21:22:06,209 - INFO - [1. 0. 0.]
2025-03-23 21:22:06,209 - INFO - [1. 1. 0.]
2025-03-23 21:22:06,209 - INFO - [0. 1. 0.]
2025-03-23 21:22:06,209 - INFO - [0. 1. 1.]
2025-03-23 21:22:06,209 - INFO - [0. 0. 1.]
2025-03-23 21:22:06,209 - INFO - [1. 0. 1.]
2025-03-23 21:22:06,209 - INFO - [1. 1. 1.]
2025-03-23 21:22:06,209 - INFO - Loaded facets:
2025-03-23 21:22:06,210 - INFO - (0, 1, 2, 3) {'refine': False, 'fixed': True, 'energy': 'default'}
2025-03-23 21:22:06,210 - INFO - (0, 1, 6, 5) {'refine': True, 'energy': 'new_module'}
2025-03-23 21:22:06,210 - INFO - (0, 3, 4, 5) {}
2025-03-23 21:22:06,210 - INFO - (1, 2, 7, 6) {}
2025-03-23 21:22:06,210 - INFO - (2, 3, 4, 7) {}
2025-03-23 21:22:06,210 - INFO - (4, 5, 6, 7) {}
2025-03-23 21:22:06,210 - INFO - 
After initial triangulation:
2025-03-23 21:22:06,210 - INFO - Number of vertices: 14
2025-03-23 21:22:06,210 - INFO - (0, 1, 8)
2025-03-23 21:22:06,210 - INFO - (1, 2, 8)
2025-03-23 21:22:06,211 - INFO - (2, 3, 8)
2025-03-23 21:22:06,211 - INFO - (3, 0, 8)
2025-03-23 21:22:06,211 - INFO - (0, 1, 9)
2025-03-23 21:22:06,211 - INFO - (1, 6, 9)
2025-03-23 21:22:06,211 - INFO - (6, 5, 9)
2025-03-23 21:22:06,211 - INFO - (5, 0, 9)
2025-03-23 21:22:06,222 - INFO - Initial volume of object: {'target volume': 1, 'current volume': None}
2025-03-23 21:23:39,577 - INFO - Loaded vertices:
2025-03-23 21:23:39,577 - INFO - [0. 0. 0.]
2025-03-23 21:23:39,577 - INFO - [1. 0. 0.]
2025-03-23 21:23:39,578 - INFO - [1. 1. 0.]
2025-03-23 21:23:39,578 - INFO - [0. 1. 0.]
2025-03-23 21:23:39,578 - INFO - [0. 1. 1.]
2025-03-23 21:23:39,578 - INFO - [0. 0. 1.]
2025-03-23 21:23:39,578 - INFO - [1. 0. 1.]
2025-03-23 21:23:39,578 - INFO - [1. 1. 1.]
2025-03-23 21:23:39,578 - INFO - Loaded facets:
2025-03-23 21:23:39,578 - INFO - (0, 1, 2, 3) {'refine': False, 'fixed': True, 'energy': 'default'}
2025-03-23 21:23:39,578 - INFO - (0, 1, 6, 5) {'refine': True, 'energy': 'new_module'}
2025-03-23 21:23:39,578 - INFO - (0, 3, 4, 5) {}
2025-03-23 21:23:39,578 - INFO - (1, 2, 7, 6) {}
2025-03-23 21:23:39,578 - INFO - (2, 3, 4, 7) {}
2025-03-23 21:23:39,579 - INFO - (4, 5, 6, 7) {}
2025-03-23 21:23:39,579 - INFO - 
After initial triangulation:
2025-03-23 21:23:39,579 - INFO - Number of vertices: 14
2025-03-23 21:23:39,579 - INFO - (0, 1, 8)
2025-03-23 21:23:39,579 - INFO - (1, 2, 8)
2025-03-23 21:23:39,579 - INFO - (2, 3, 8)
2025-03-23 21:23:39,579 - INFO - (3, 0, 8)
2025-03-23 21:23:39,579 - INFO - (0, 1, 9)
2025-03-23 21:23:39,579 - INFO - (1, 6, 9)
2025-03-23 21:23:39,579 - INFO - (6, 5, 9)
2025-03-23 21:23:39,579 - INFO - (5, 0, 9)
2025-03-23 21:23:39,591 - INFO - Initial volume of object: {'target volume': 1, 'current volume': None}
2025-03-23 21:23:48,814 - INFO - Loaded vertices:
2025-03-23 21:23:48,814 - INFO - [0. 0. 0.]
2025-03-23 21:23:48,814 - INFO - [1. 0. 0.]
2025-03-23 21:23:48,814 - INFO - [1. 1. 0.]
2025-03-23 21:23:48,815 - INFO - [0. 1. 0.]
2025-03-23 21:23:48,815 - INFO - [0. 1. 1.]
2025-03-23 21:23:48,815 - INFO - [0. 0. 1.]
2025-03-23 21:23:48,815 - INFO - [1. 0. 1.]
2025-03-23 21:23:48,815 - INFO - [1. 1. 1.]
2025-03-23 21:23:48,815 - INFO - Loaded facets:
2025-03-23 21:23:48,815 - INFO - (0, 1, 2, 3) {'refine': False, 'fixed': True, 'energy': 'default'}
2025-03-23 21:23:48,815 - INFO - (0, 1, 6, 5) {'refine': True, 'energy': 'new_module'}
2025-03-23 21:23:48,815 - INFO - (0, 3, 4, 5) {}
2025-03-23 21:23:48,815 - INFO - (1, 2, 7, 6) {}
2025-03-23 21:23:48,815 - INFO - (2, 3, 4, 7) {}
2025-03-23 21:23:48,815 - INFO - (4, 5, 6, 7) {}
2025-03-23 21:23:48,815 - INFO - 
After initial triangulation:
2025-03-23 21:23:48,815 - INFO - Number of vertices: 14
2025-03-23 21:23:48,815 - INFO - (0, 1, 8)
2025-03-23 21:23:48,815 - INFO - (1, 2, 8)
2025-03-23 21:23:48,816 - INFO - (2, 3, 8)
2025-03-23 21:23:48,816 - INFO - (3, 0, 8)
2025-03-23 21:23:48,816 - INFO - (0, 1, 9)
2025-03-23 21:23:48,816 - INFO - (1, 6, 9)
2025-03-23 21:23:48,816 - INFO - (6, 5, 9)
2025-03-23 21:23:48,816 - INFO - (5, 0, 9)
2025-03-23 21:23:48,825 - INFO - Initial volume of object: {'target volume': 1, 'current volume': None}
2025-03-23 21:23:52,689 - INFO - Loaded vertices:
2025-03-23 21:23:52,689 - INFO - [0. 0. 0.]
2025-03-23 21:23:52,690 - INFO - [1. 0. 0.]
2025-03-23 21:23:52,690 - INFO - [1. 1. 0.]
2025-03-23 21:23:52,691 - INFO - [0. 1. 0.]
2025-03-23 21:23:52,692 - INFO - [0. 1. 1.]
2025-03-23 21:23:52,692 - INFO - [0. 0. 1.]
2025-03-23 21:23:52,692 - INFO - [1. 0. 1.]
2025-03-23 21:23:52,692 - INFO - [1. 1. 1.]
2025-03-23 21:23:52,692 - INFO - Loaded facets:
2025-03-23 21:23:52,692 - INFO - (0, 1, 2, 3) {'refine': False, 'fixed': True, 'energy': 'default'}
2025-03-23 21:23:52,692 - INFO - (0, 1, 6, 5) {'refine': True, 'energy': 'new_module'}
2025-03-23 21:23:52,692 - INFO - (0, 3, 4, 5) {}
2025-03-23 21:23:52,692 - INFO - (1, 2, 7, 6) {}
2025-03-23 21:23:52,692 - INFO - (2, 3, 4, 7) {}
2025-03-23 21:23:52,692 - INFO - (4, 5, 6, 7) {}
2025-03-23 21:23:52,692 - INFO - 
After initial triangulation:
2025-03-23 21:23:52,692 - INFO - Number of vertices: 14
2025-03-23 21:23:52,692 - INFO - (0, 1, 8)
2025-03-23 21:23:52,696 - INFO - (1, 2, 8)
2025-03-23 21:23:52,696 - INFO - (2, 3, 8)
2025-03-23 21:23:52,696 - INFO - (3, 0, 8)
2025-03-23 21:23:52,696 - INFO - (0, 1, 9)
2025-03-23 21:23:52,696 - INFO - (1, 6, 9)
2025-03-23 21:23:52,696 - INFO - (6, 5, 9)
2025-03-23 21:23:52,696 - INFO - (5, 0, 9)
2025-03-23 21:23:52,707 - INFO - Initial volume of object: {'target volume': 1, 'current volume': None}
2025-03-23 21:24:26,400 - INFO - Loaded vertices:
2025-03-23 21:24:26,400 - INFO - [0. 0. 0.]
2025-03-23 21:24:26,400 - INFO - [1. 0. 0.]
2025-03-23 21:24:26,400 - INFO - [1. 1. 0.]
2025-03-23 21:24:26,401 - INFO - [0. 1. 0.]
2025-03-23 21:24:26,401 - INFO - [0. 1. 1.]
2025-03-23 21:24:26,401 - INFO - [0. 0. 1.]
2025-03-23 21:24:26,401 - INFO - [1. 0. 1.]
2025-03-23 21:24:26,401 - INFO - [1. 1. 1.]
2025-03-23 21:24:26,401 - INFO - Loaded facets:
2025-03-23 21:24:26,401 - INFO - (0, 1, 2, 3) {'refine': False, 'fixed': True, 'energy': 'default'}
2025-03-23 21:24:26,401 - INFO - (0, 1, 6, 5) {'refine': True, 'energy': 'new_module'}
2025-03-23 21:24:26,401 - INFO - (0, 3, 4, 5) {}
2025-03-23 21:24:26,401 - INFO - (1, 2, 7, 6) {}
2025-03-23 21:24:26,401 - INFO - (2, 3, 4, 7) {}
2025-03-23 21:24:26,401 - INFO - (4, 5, 6, 7) {}
2025-03-23 21:24:26,401 - INFO - 
After initial triangulation:
2025-03-23 21:24:26,401 - INFO - Number of vertices: 14
2025-03-23 21:24:26,401 - INFO - (0, 1, 8)
2025-03-23 21:24:26,401 - INFO - (1, 2, 8)
2025-03-23 21:24:26,401 - INFO - (2, 3, 8)
2025-03-23 21:24:26,401 - INFO - (3, 0, 8)
2025-03-23 21:24:26,402 - INFO - (0, 1, 9)
2025-03-23 21:24:26,402 - INFO - (1, 6, 9)
2025-03-23 21:24:26,402 - INFO - (6, 5, 9)
2025-03-23 21:24:26,402 - INFO - (5, 0, 9)
2025-03-23 21:24:33,389 - INFO - Loaded vertices:
2025-03-23 21:24:33,389 - INFO - [0. 0. 0.]
2025-03-23 21:24:33,389 - INFO - [1. 0. 0.]
2025-03-23 21:24:33,389 - INFO - [1. 1. 0.]
2025-03-23 21:24:33,389 - INFO - [0. 1. 0.]
2025-03-23 21:24:33,389 - INFO - [0. 1. 1.]
2025-03-23 21:24:33,389 - INFO - [0. 0. 1.]
2025-03-23 21:24:33,390 - INFO - [1. 0. 1.]
2025-03-23 21:24:33,390 - INFO - [1. 1. 1.]
2025-03-23 21:24:33,390 - INFO - Loaded facets:
2025-03-23 21:24:33,390 - INFO - (0, 1, 2, 3) {'refine': False, 'fixed': True, 'energy': 'default'}
2025-03-23 21:24:33,390 - INFO - (0, 1, 6, 5) {'refine': True, 'energy': 'new_module'}
2025-03-23 21:24:33,390 - INFO - (0, 3, 4, 5) {}
2025-03-23 21:24:33,390 - INFO - (1, 2, 7, 6) {}
2025-03-23 21:24:33,390 - INFO - (2, 3, 4, 7) {}
2025-03-23 21:24:33,390 - INFO - (4, 5, 6, 7) {}
2025-03-23 21:24:33,390 - INFO - 
After initial triangulation:
2025-03-23 21:24:33,390 - INFO - Number of vertices: 14
2025-03-23 21:24:33,390 - INFO - (0, 1, 8)
2025-03-23 21:24:33,390 - INFO - (1, 2, 8)
2025-03-23 21:24:33,390 - INFO - (2, 3, 8)
2025-03-23 21:24:33,390 - INFO - (3, 0, 8)
2025-03-23 21:24:33,390 - INFO - (0, 1, 9)
2025-03-23 21:24:33,390 - INFO - (1, 6, 9)
2025-03-23 21:24:33,390 - INFO - (6, 5, 9)
2025-03-23 21:24:33,390 - INFO - (5, 0, 9)
2025-03-23 21:24:57,298 - INFO - Loaded vertices:
2025-03-23 21:24:57,298 - INFO - [0. 0. 0.]
2025-03-23 21:24:57,298 - INFO - [1. 0. 0.]
2025-03-23 21:24:57,298 - INFO - [1. 1. 0.]
2025-03-23 21:24:57,299 - INFO - [0. 1. 0.]
2025-03-23 21:24:57,299 - INFO - [0. 1. 1.]
2025-03-23 21:24:57,299 - INFO - [0. 0. 1.]
2025-03-23 21:24:57,299 - INFO - [1. 0. 1.]
2025-03-23 21:24:57,299 - INFO - [1. 1. 1.]
2025-03-23 21:24:57,299 - INFO - Loaded facets:
2025-03-23 21:24:57,299 - INFO - (0, 1, 2, 3) {'refine': False, 'fixed': True, 'energy': 'default'}
2025-03-23 21:24:57,299 - INFO - (0, 1, 6, 5) {'refine': True, 'energy': 'new_module'}
2025-03-23 21:24:57,299 - INFO - (0, 3, 4, 5) {}
2025-03-23 21:24:57,299 - INFO - (1, 2, 7, 6) {}
2025-03-23 21:24:57,299 - INFO - (2, 3, 4, 7) {}
2025-03-23 21:24:57,299 - INFO - (4, 5, 6, 7) {}
2025-03-23 21:24:57,299 - INFO - 
After initial triangulation:
2025-03-23 21:24:57,299 - INFO - Number of vertices: 14
2025-03-23 21:24:57,299 - INFO - (0, 1, 8)
2025-03-23 21:24:57,299 - INFO - (1, 2, 8)
2025-03-23 21:24:57,299 - INFO - (2, 3, 8)
2025-03-23 21:24:57,299 - INFO - (3, 0, 8)
2025-03-23 21:24:57,299 - INFO - (0, 1, 9)
2025-03-23 21:24:57,299 - INFO - (1, 6, 9)
2025-03-23 21:24:57,300 - INFO - (6, 5, 9)
2025-03-23 21:24:57,300 - INFO - (5, 0, 9)
2025-03-23 21:24:57,310 - INFO - Initial volume of object: None
2025-03-23 21:24:57,310 - INFO - Target volume of object: 1
2025-03-23 21:25:23,273 - INFO - Loaded vertices:
2025-03-23 21:25:23,273 - INFO - [0. 0. 0.]
2025-03-23 21:25:23,274 - INFO - [1. 0. 0.]
2025-03-23 21:25:23,274 - INFO - [1. 1. 0.]
2025-03-23 21:25:23,274 - INFO - [0. 1. 0.]
2025-03-23 21:25:23,274 - INFO - [0. 1. 1.]
2025-03-23 21:25:23,274 - INFO - [0. 0. 1.]
2025-03-23 21:25:23,274 - INFO - [1. 0. 1.]
2025-03-23 21:25:23,274 - INFO - [1. 1. 1.]
2025-03-23 21:25:23,274 - INFO - Loaded facets:
2025-03-23 21:25:23,274 - INFO - (0, 1, 2, 3) {'refine': False, 'fixed': True, 'energy': 'default'}
2025-03-23 21:25:23,274 - INFO - (0, 1, 6, 5) {'refine': True, 'energy': 'new_module'}
2025-03-23 21:25:23,274 - INFO - (0, 3, 4, 5) {}
2025-03-23 21:25:23,274 - INFO - (1, 2, 7, 6) {}
2025-03-23 21:25:23,274 - INFO - (2, 3, 4, 7) {}
2025-03-23 21:25:23,274 - INFO - (4, 5, 6, 7) {}
2025-03-23 21:25:23,274 - INFO - 
After initial triangulation:
2025-03-23 21:25:23,275 - INFO - Number of vertices: 14
2025-03-23 21:25:23,275 - INFO - (0, 1, 8) {'refine': False, 'fixed': True, 'energy': 'default'}
2025-03-23 21:25:23,275 - INFO - (1, 2, 8) {'refine': False, 'fixed': True, 'energy': 'default'}
2025-03-23 21:25:23,275 - INFO - (2, 3, 8) {'refine': False, 'fixed': True, 'energy': 'default'}
2025-03-23 21:25:23,275 - INFO - (3, 0, 8) {'refine': False, 'fixed': True, 'energy': 'default'}
2025-03-23 21:25:23,275 - INFO - (0, 1, 9) {'refine': True, 'energy': 'new_module'}
2025-03-23 21:25:23,275 - INFO - (1, 6, 9) {'refine': True, 'energy': 'new_module'}
2025-03-23 21:25:23,275 - INFO - (6, 5, 9) {'refine': True, 'energy': 'new_module'}
2025-03-23 21:25:23,275 - INFO - (5, 0, 9) {'refine': True, 'energy': 'new_module'}
2025-03-23 21:25:23,275 - INFO - (0, 3, 10) {}
2025-03-23 21:25:23,275 - INFO - (3, 4, 10) {}
2025-03-23 21:25:23,275 - INFO - (4, 5, 10) {}
2025-03-23 21:25:23,275 - INFO - (5, 0, 10) {}
2025-03-23 21:25:23,275 - INFO - (1, 2, 11) {}
2025-03-23 21:25:23,275 - INFO - (2, 7, 11) {}
2025-03-23 21:25:23,275 - INFO - (7, 6, 11) {}
2025-03-23 21:25:23,275 - INFO - (6, 1, 11) {}
2025-03-23 21:25:23,275 - INFO - (2, 3, 12) {}
2025-03-23 21:25:23,275 - INFO - (3, 4, 12) {}
2025-03-23 21:25:23,275 - INFO - (4, 7, 12) {}
2025-03-23 21:25:23,275 - INFO - (7, 2, 12) {}
2025-03-23 21:25:23,275 - INFO - (4, 5, 13) {}
2025-03-23 21:25:23,275 - INFO - (5, 6, 13) {}
2025-03-23 21:25:23,275 - INFO - (6, 7, 13) {}
2025-03-23 21:25:23,276 - INFO - (7, 4, 13) {}
2025-03-23 21:25:23,276 - INFO - Initial volume of object: None
2025-03-23 21:25:23,276 - INFO - Target volume of object: 1
2025-03-23 21:25:31,847 - INFO - Loaded vertices:
2025-03-23 21:25:31,847 - INFO - [0. 0. 0.]
2025-03-23 21:25:31,847 - INFO - [1. 0. 0.]
2025-03-23 21:25:31,847 - INFO - [1. 1. 0.]
2025-03-23 21:25:31,848 - INFO - [0. 1. 0.]
2025-03-23 21:25:31,848 - INFO - [0. 1. 1.]
2025-03-23 21:25:31,848 - INFO - [0. 0. 1.]
2025-03-23 21:25:31,848 - INFO - [1. 0. 1.]
2025-03-23 21:25:31,848 - INFO - [1. 1. 1.]
2025-03-23 21:25:31,848 - INFO - Loaded facets:
2025-03-23 21:25:31,848 - INFO - (0, 1, 2, 3) {'refine': False, 'fixed': True, 'energy': 'default'}
2025-03-23 21:25:31,848 - INFO - (0, 1, 6, 5) {'refine': True, 'energy': 'new_module'}
2025-03-23 21:25:31,848 - INFO - (0, 3, 4, 5) {}
2025-03-23 21:25:31,848 - INFO - (1, 2, 7, 6) {}
2025-03-23 21:25:31,848 - INFO - (2, 3, 4, 7) {}
2025-03-23 21:25:31,848 - INFO - (4, 5, 6, 7) {}
2025-03-23 21:25:31,848 - INFO - 
After initial triangulation:
2025-03-23 21:25:31,848 - INFO - Number of vertices: 14
2025-03-23 21:25:31,848 - INFO - (0, 1, 8) {'refine': False, 'fixed': True, 'energy': 'default'}
2025-03-23 21:25:31,848 - INFO - (1, 2, 8) {'refine': False, 'fixed': True, 'energy': 'default'}
2025-03-23 21:25:31,848 - INFO - (2, 3, 8) {'refine': False, 'fixed': True, 'energy': 'default'}
2025-03-23 21:25:31,849 - INFO - (3, 0, 8) {'refine': False, 'fixed': True, 'energy': 'default'}
2025-03-23 21:25:31,849 - INFO - (0, 1, 9) {'refine': True, 'energy': 'new_module'}
2025-03-23 21:25:31,849 - INFO - (1, 6, 9) {'refine': True, 'energy': 'new_module'}
2025-03-23 21:25:31,849 - INFO - (6, 5, 9) {'refine': True, 'energy': 'new_module'}
2025-03-23 21:25:31,849 - INFO - (5, 0, 9) {'refine': True, 'energy': 'new_module'}
2025-03-23 21:25:31,849 - INFO - (0, 3, 10) {}
2025-03-23 21:25:31,849 - INFO - (3, 4, 10) {}
2025-03-23 21:25:31,849 - INFO - (4, 5, 10) {}
2025-03-23 21:25:31,849 - INFO - (5, 0, 10) {}
2025-03-23 21:25:31,849 - INFO - (1, 2, 11) {}
2025-03-23 21:25:31,849 - INFO - (2, 7, 11) {}
2025-03-23 21:25:31,849 - INFO - (7, 6, 11) {}
2025-03-23 21:25:31,849 - INFO - (6, 1, 11) {}
2025-03-23 21:25:31,849 - INFO - (2, 3, 12) {}
2025-03-23 21:25:31,849 - INFO - (3, 4, 12) {}
2025-03-23 21:25:31,849 - INFO - (4, 7, 12) {}
2025-03-23 21:25:31,849 - INFO - (7, 2, 12) {}
2025-03-23 21:25:31,849 - INFO - (4, 5, 13) {}
2025-03-23 21:25:31,849 - INFO - (5, 6, 13) {}
2025-03-23 21:25:31,850 - INFO - (6, 7, 13) {}
2025-03-23 21:25:31,850 - INFO - (7, 4, 13) {}
2025-03-23 21:25:31,850 - INFO - Initial volume of object: None
2025-03-23 21:25:31,850 - INFO - Target volume of object: 1
2025-03-23 21:54:56,069 - INFO - Loaded vertices:
2025-03-23 21:54:56,069 - INFO - [0. 0. 0.]
2025-03-23 21:54:56,069 - INFO - [1. 0. 0.]
2025-03-23 21:54:56,070 - INFO - [1. 1. 0.]
2025-03-23 21:54:56,070 - INFO - [0. 1. 0.]
2025-03-23 21:54:56,070 - INFO - [0. 1. 1.]
2025-03-23 21:54:56,070 - INFO - [0. 0. 1.]
2025-03-23 21:54:56,070 - INFO - [1. 0. 1.]
2025-03-23 21:54:56,070 - INFO - [1. 1. 1.]
2025-03-23 21:54:56,070 - INFO - Loaded facets:
2025-03-23 21:54:56,070 - INFO - (0, 1, 2, 3) {'refine': False, 'fixed': True, 'energy': 'default'}
2025-03-23 21:54:56,070 - INFO - (0, 1, 6, 5) {'refine': True, 'energy': 'new_module'}
2025-03-23 21:54:56,070 - INFO - (0, 3, 4, 5) {}
2025-03-23 21:54:56,070 - INFO - (1, 2, 7, 6) {}
2025-03-23 21:54:56,070 - INFO - (2, 3, 4, 7) {}
2025-03-23 21:54:56,070 - INFO - (4, 5, 6, 7) {}
2025-03-23 21:54:56,070 - INFO - 
After initial triangulation:
2025-03-23 21:54:56,070 - INFO - Number of vertices: 14
2025-03-23 21:54:56,070 - INFO - (0, 1, 8) {'refine': False, 'fixed': True, 'energy': 'default'}
2025-03-23 21:54:56,071 - INFO - (1, 2, 8) {'refine': False, 'fixed': True, 'energy': 'default'}
2025-03-23 21:54:56,071 - INFO - (2, 3, 8) {'refine': False, 'fixed': True, 'energy': 'default'}
2025-03-23 21:54:56,071 - INFO - (3, 0, 8) {'refine': False, 'fixed': True, 'energy': 'default'}
2025-03-23 21:54:56,071 - INFO - (0, 1, 9) {'refine': True, 'energy': 'new_module'}
2025-03-23 21:54:56,071 - INFO - (1, 6, 9) {'refine': True, 'energy': 'new_module'}
2025-03-23 21:54:56,071 - INFO - (6, 5, 9) {'refine': True, 'energy': 'new_module'}
2025-03-23 21:54:56,071 - INFO - (5, 0, 9) {'refine': True, 'energy': 'new_module'}
2025-03-23 21:54:56,071 - INFO - (0, 3, 10) {}
2025-03-23 21:54:56,071 - INFO - (3, 4, 10) {}
2025-03-23 21:54:56,071 - INFO - (4, 5, 10) {}
2025-03-23 21:54:56,071 - INFO - (5, 0, 10) {}
2025-03-23 21:54:56,071 - INFO - (1, 2, 11) {}
2025-03-23 21:54:56,071 - INFO - (2, 7, 11) {}
2025-03-23 21:54:56,071 - INFO - (7, 6, 11) {}
2025-03-23 21:54:56,071 - INFO - (6, 1, 11) {}
2025-03-23 21:54:56,071 - INFO - (2, 3, 12) {}
2025-03-23 21:54:56,071 - INFO - (3, 4, 12) {}
2025-03-23 21:54:56,071 - INFO - (4, 7, 12) {}
2025-03-23 21:54:56,071 - INFO - (7, 2, 12) {}
2025-03-23 21:54:56,071 - INFO - (4, 5, 13) {}
2025-03-23 21:54:56,071 - INFO - (5, 6, 13) {}
2025-03-23 21:54:56,071 - INFO - (6, 7, 13) {}
2025-03-23 21:54:56,071 - INFO - (7, 4, 13) {}
2025-03-23 21:54:56,071 - INFO - Initial volume of object: 1.0
2025-03-23 21:55:12,902 - INFO - Loaded vertices:
2025-03-23 21:55:12,903 - INFO - [0. 0. 0.]
2025-03-23 21:55:12,903 - INFO - [1. 0. 0.]
2025-03-23 21:55:12,903 - INFO - [1. 1. 0.]
2025-03-23 21:55:12,903 - INFO - [0. 1. 0.]
2025-03-23 21:55:12,903 - INFO - [0. 1. 1.]
2025-03-23 21:55:12,903 - INFO - [0. 0. 1.]
2025-03-23 21:55:12,903 - INFO - [1. 0. 1.]
2025-03-23 21:55:12,903 - INFO - [1. 1. 1.]
2025-03-23 21:55:12,904 - INFO - Loaded facets:
2025-03-23 21:55:12,904 - INFO - (0, 1, 2, 3) {'refine': False, 'fixed': True, 'energy': 'default'}
2025-03-23 21:55:12,904 - INFO - (0, 1, 6, 5) {'refine': True, 'energy': 'new_module'}
2025-03-23 21:55:12,904 - INFO - (0, 3, 4, 5) {}
2025-03-23 21:55:12,904 - INFO - (1, 2, 7, 6) {}
2025-03-23 21:55:12,904 - INFO - (2, 3, 4, 7) {}
2025-03-23 21:55:12,904 - INFO - (4, 5, 6, 7) {}
2025-03-23 21:55:12,904 - INFO - 
After initial triangulation:
2025-03-23 21:55:12,904 - INFO - Number of vertices: 14
2025-03-23 21:55:12,904 - INFO - (0, 1, 8) {'refine': False, 'fixed': True, 'energy': 'default'}
2025-03-23 21:55:12,904 - INFO - (1, 2, 8) {'refine': False, 'fixed': True, 'energy': 'default'}
2025-03-23 21:55:12,904 - INFO - (2, 3, 8) {'refine': False, 'fixed': True, 'energy': 'default'}
2025-03-23 21:55:12,904 - INFO - (3, 0, 8) {'refine': False, 'fixed': True, 'energy': 'default'}
2025-03-23 21:55:12,904 - INFO - (0, 1, 9) {'refine': True, 'energy': 'new_module'}
2025-03-23 21:55:12,904 - INFO - (1, 6, 9) {'refine': True, 'energy': 'new_module'}
2025-03-23 21:55:12,904 - INFO - (6, 5, 9) {'refine': True, 'energy': 'new_module'}
2025-03-23 21:55:12,904 - INFO - (5, 0, 9) {'refine': True, 'energy': 'new_module'}
2025-03-23 21:55:12,904 - INFO - (0, 3, 10) {}
2025-03-23 21:55:12,904 - INFO - (3, 4, 10) {}
2025-03-23 21:55:12,904 - INFO - (4, 5, 10) {}
2025-03-23 21:55:12,905 - INFO - (5, 0, 10) {}
2025-03-23 21:55:12,905 - INFO - (1, 2, 11) {}
2025-03-23 21:55:12,905 - INFO - (2, 7, 11) {}
2025-03-23 21:55:12,905 - INFO - (7, 6, 11) {}
2025-03-23 21:55:12,905 - INFO - (6, 1, 11) {}
2025-03-23 21:55:12,905 - INFO - (2, 3, 12) {}
2025-03-23 21:55:12,905 - INFO - (3, 4, 12) {}
2025-03-23 21:55:12,905 - INFO - (4, 7, 12) {}
2025-03-23 21:55:12,905 - INFO - (7, 2, 12) {}
2025-03-23 21:55:12,905 - INFO - (4, 5, 13) {}
2025-03-23 21:55:12,905 - INFO - (5, 6, 13) {}
2025-03-23 21:55:12,905 - INFO - (6, 7, 13) {}
2025-03-23 21:55:12,905 - INFO - (7, 4, 13) {}
2025-03-23 21:55:12,905 - INFO - Initial volume of object: 1.0
2025-03-24 08:04:08,300 - INFO - Loaded vertices:
2025-03-24 08:04:08,301 - INFO - [0. 0. 0.]
2025-03-24 08:04:08,301 - INFO - [1. 0. 0.]
2025-03-24 08:04:08,301 - INFO - [1. 1. 0.]
2025-03-24 08:04:08,301 - INFO - [0. 1. 0.]
2025-03-24 08:04:08,301 - INFO - [0. 1. 1.]
2025-03-24 08:04:08,301 - INFO - [0. 0. 1.]
2025-03-24 08:04:08,302 - INFO - [1. 0. 1.]
2025-03-24 08:04:08,302 - INFO - [1. 1. 1.]
2025-03-24 08:04:08,302 - INFO - Loaded facets:
2025-03-24 08:04:08,302 - INFO - (0, 1, 2, 3) {'refine': False, 'fixed': True, 'energy': 'default'}
2025-03-24 08:04:08,302 - INFO - (0, 1, 6, 5) {'refine': True, 'energy': 'new_module'}
2025-03-24 08:04:08,302 - INFO - (0, 3, 4, 5) {}
2025-03-24 08:04:08,302 - INFO - (1, 2, 7, 6) {}
2025-03-24 08:04:08,302 - INFO - (2, 3, 4, 7) {}
2025-03-24 08:04:08,302 - INFO - (4, 5, 6, 7) {}
2025-03-24 08:04:08,302 - INFO - 
After initial triangulation:
2025-03-24 08:04:08,302 - INFO - Number of vertices: 14
2025-03-24 08:04:08,302 - INFO - (0, 1, 8) {'refine': False, 'fixed': True, 'energy': 'default'}
2025-03-24 08:04:08,302 - INFO - (1, 2, 8) {'refine': False, 'fixed': True, 'energy': 'default'}
2025-03-24 08:04:08,302 - INFO - (2, 3, 8) {'refine': False, 'fixed': True, 'energy': 'default'}
2025-03-24 08:04:08,302 - INFO - (3, 0, 8) {'refine': False, 'fixed': True, 'energy': 'default'}
2025-03-24 08:04:08,302 - INFO - (0, 1, 9) {'refine': True, 'energy': 'new_module'}
2025-03-24 08:04:08,302 - INFO - (1, 6, 9) {'refine': True, 'energy': 'new_module'}
2025-03-24 08:04:08,302 - INFO - (6, 5, 9) {'refine': True, 'energy': 'new_module'}
2025-03-24 08:04:08,302 - INFO - (5, 0, 9) {'refine': True, 'energy': 'new_module'}
2025-03-24 08:04:08,302 - INFO - (0, 3, 10) {}
2025-03-24 08:04:08,302 - INFO - (3, 4, 10) {}
2025-03-24 08:04:08,303 - INFO - (4, 5, 10) {}
2025-03-24 08:04:08,303 - INFO - (5, 0, 10) {}
2025-03-24 08:04:08,303 - INFO - (1, 2, 11) {}
2025-03-24 08:04:08,303 - INFO - (2, 7, 11) {}
2025-03-24 08:04:08,303 - INFO - (7, 6, 11) {}
2025-03-24 08:04:08,303 - INFO - (6, 1, 11) {}
2025-03-24 08:04:08,303 - INFO - (2, 3, 12) {}
2025-03-24 08:04:08,303 - INFO - (3, 4, 12) {}
2025-03-24 08:04:08,303 - INFO - (4, 7, 12) {}
2025-03-24 08:04:08,303 - INFO - (7, 2, 12) {}
2025-03-24 08:04:08,303 - INFO - (4, 5, 13) {}
2025-03-24 08:04:08,303 - INFO - (5, 6, 13) {}
2025-03-24 08:04:08,303 - INFO - (6, 7, 13) {}
2025-03-24 08:04:08,303 - INFO - (7, 4, 13) {}
2025-03-24 08:04:08,303 - INFO - Initial volume of object: 1.0
2025-03-24 08:05:30,034 - INFO - Loaded vertices:
2025-03-24 08:05:30,035 - INFO - [0. 0. 0.]
2025-03-24 08:05:30,035 - INFO - [1. 0. 0.]
2025-03-24 08:05:30,035 - INFO - [1. 1. 0.]
2025-03-24 08:05:30,035 - INFO - [0. 1. 0.]
2025-03-24 08:05:30,035 - INFO - [0. 1. 1.]
2025-03-24 08:05:30,035 - INFO - [0. 0. 1.]
2025-03-24 08:05:30,035 - INFO - [1. 0. 1.]
2025-03-24 08:05:30,035 - INFO - [1. 1. 1.]
2025-03-24 08:05:30,035 - INFO - Loaded facets:
2025-03-24 08:05:30,036 - INFO - (0, 1, 2, 3) {'refine': False, 'fixed': True, 'energy': 'default'}
2025-03-24 08:05:30,036 - INFO - (0, 1, 6, 5) {'refine': True, 'energy': 'new_module'}
2025-03-24 08:05:30,036 - INFO - (0, 3, 4, 5) {}
2025-03-24 08:05:30,036 - INFO - (1, 2, 7, 6) {}
2025-03-24 08:05:30,036 - INFO - (2, 3, 4, 7) {}
2025-03-24 08:05:30,036 - INFO - (4, 5, 6, 7) {}
2025-03-24 08:05:30,036 - INFO - 
After initial triangulation:
2025-03-24 08:05:30,036 - INFO - Number of vertices: 14
2025-03-24 08:05:30,036 - INFO - (0, 1, 8) {'refine': False, 'fixed': True, 'energy': 'default'}
2025-03-24 08:05:30,036 - INFO - (1, 2, 8) {'refine': False, 'fixed': True, 'energy': 'default'}
2025-03-24 08:05:30,036 - INFO - (2, 3, 8) {'refine': False, 'fixed': True, 'energy': 'default'}
2025-03-24 08:05:30,036 - INFO - (3, 0, 8) {'refine': False, 'fixed': True, 'energy': 'default'}
2025-03-24 08:05:30,036 - INFO - (0, 1, 9) {'refine': True, 'energy': 'new_module'}
2025-03-24 08:05:30,036 - INFO - (1, 6, 9) {'refine': True, 'energy': 'new_module'}
2025-03-24 08:05:30,036 - INFO - (6, 5, 9) {'refine': True, 'energy': 'new_module'}
2025-03-24 08:05:30,036 - INFO - (5, 0, 9) {'refine': True, 'energy': 'new_module'}
2025-03-24 08:05:30,036 - INFO - (0, 3, 10) {}
2025-03-24 08:05:30,036 - INFO - (3, 4, 10) {}
2025-03-24 08:05:30,036 - INFO - (4, 5, 10) {}
2025-03-24 08:05:30,036 - INFO - (5, 0, 10) {}
2025-03-24 08:05:30,036 - INFO - (1, 2, 11) {}
2025-03-24 08:05:30,036 - INFO - (2, 7, 11) {}
2025-03-24 08:05:30,036 - INFO - (7, 6, 11) {}
2025-03-24 08:05:30,036 - INFO - (6, 1, 11) {}
2025-03-24 08:05:30,036 - INFO - (2, 3, 12) {}
2025-03-24 08:05:30,036 - INFO - (3, 4, 12) {}
2025-03-24 08:05:30,036 - INFO - (4, 7, 12) {}
2025-03-24 08:05:30,036 - INFO - (7, 2, 12) {}
2025-03-24 08:05:30,036 - INFO - (4, 5, 13) {}
2025-03-24 08:05:30,036 - INFO - (5, 6, 13) {}
2025-03-24 08:05:30,036 - INFO - (6, 7, 13) {}
2025-03-24 08:05:30,036 - INFO - (7, 4, 13) {}
2025-03-24 08:05:30,036 - INFO - Initial volume of object: 1.0
2025-03-24 08:37:55,537 - INFO - Loaded module: surface_energy
2025-03-24 10:58:07,002 - INFO - Loaded module: surface_energy
2025-03-24 11:01:19,867 - INFO - Loaded module: surface_energy
2025-03-24 11:01:19,867 - INFO - Loaded vertices:
2025-03-24 11:01:19,867 - INFO - [0. 0. 0.]
2025-03-24 11:01:19,867 - INFO - [1. 0. 0.]
2025-03-24 11:01:19,867 - INFO - [1. 1. 0.]
2025-03-24 11:01:19,868 - INFO - [0. 1. 0.]
2025-03-24 11:01:19,868 - INFO - [0. 1. 1.]
2025-03-24 11:01:19,868 - INFO - [0. 0. 1.]
2025-03-24 11:01:19,868 - INFO - [1. 0. 1.]
2025-03-24 11:01:19,868 - INFO - [1. 1. 1.]
2025-03-24 11:01:19,868 - INFO - Loaded facets:
2025-03-24 11:01:19,868 - INFO - (0, 1, 2, 3) {'refine': False, 'fixed': True, 'energy': 'default'}
2025-03-24 11:01:19,868 - INFO - (0, 1, 6, 5) {'refine': True, 'energy': 'new_module'}
2025-03-24 11:01:19,868 - INFO - (0, 3, 4, 5) {}
2025-03-24 11:01:19,868 - INFO - (1, 2, 7, 6) {}
2025-03-24 11:01:19,868 - INFO - (2, 3, 4, 7) {}
2025-03-24 11:01:19,868 - INFO - (4, 5, 6, 7) {}
2025-03-24 11:01:19,868 - INFO - Loaded globarl parameters:
2025-03-24 11:01:52,229 - INFO - Loaded module: surface_energy
2025-03-24 11:01:52,229 - INFO - Loaded vertices:
2025-03-24 11:01:52,229 - INFO - [0. 0. 0.]
2025-03-24 11:01:52,229 - INFO - [1. 0. 0.]
2025-03-24 11:01:52,229 - INFO - [1. 1. 0.]
2025-03-24 11:01:52,230 - INFO - [0. 1. 0.]
2025-03-24 11:01:52,230 - INFO - [0. 1. 1.]
2025-03-24 11:01:52,230 - INFO - [0. 0. 1.]
2025-03-24 11:01:52,230 - INFO - [1. 0. 1.]
2025-03-24 11:01:52,230 - INFO - [1. 1. 1.]
2025-03-24 11:01:52,230 - INFO - Loaded facets:
2025-03-24 11:01:52,230 - INFO - (0, 1, 2, 3) {'refine': False, 'fixed': True, 'energy': 'default'}
2025-03-24 11:01:52,230 - INFO - (0, 1, 6, 5) {'refine': True, 'energy': 'new_module'}
2025-03-24 11:01:52,230 - INFO - (0, 3, 4, 5) {}
2025-03-24 11:01:52,230 - INFO - (1, 2, 7, 6) {}
2025-03-24 11:01:52,230 - INFO - (2, 3, 4, 7) {}
2025-03-24 11:01:52,230 - INFO - (4, 5, 6, 7) {}
2025-03-24 11:01:52,230 - INFO - Loaded globarl parameters:
2025-03-24 11:01:52,230 - INFO - surface tension = 1
2025-03-24 11:01:52,231 - INFO - intrinsic curvature = 0
2025-03-24 11:01:52,231 - INFO - bending modulus = 0
2025-03-24 11:01:52,231 - INFO - gaussian modulus = 0
2025-03-24 11:01:52,231 - INFO - volume stiffness = 1000
2025-03-24 11:22:04,876 - INFO - Loaded module: surface_energy
2025-03-24 11:22:04,876 - INFO - Loaded vertices:
2025-03-24 11:22:04,876 - INFO - [0. 0. 0.]
2025-03-24 11:22:04,876 - INFO - [1. 0. 0.]
2025-03-24 11:22:04,876 - INFO - [1. 1. 0.]
2025-03-24 11:22:04,877 - INFO - [0. 1. 0.]
2025-03-24 11:22:04,877 - INFO - [0. 1. 1.]
2025-03-24 11:22:04,877 - INFO - [0. 0. 1.]
2025-03-24 11:22:04,877 - INFO - [1. 0. 1.]
2025-03-24 11:22:04,877 - INFO - [1. 1. 1.]
2025-03-24 11:22:04,878 - INFO - Loaded facets:
2025-03-24 11:22:04,878 - INFO - (0, 1, 2, 3) {'refine': False, 'fixed': True, 'energy': 'default'}
2025-03-24 11:22:04,878 - INFO - (0, 1, 6, 5) {'refine': True, 'energy': 'new_module'}
2025-03-24 11:22:04,878 - INFO - (0, 3, 4, 5) {}
2025-03-24 11:22:04,878 - INFO - (1, 2, 7, 6) {}
2025-03-24 11:22:04,878 - INFO - (2, 3, 4, 7) {}
2025-03-24 11:22:04,878 - INFO - (4, 5, 6, 7) {}
2025-03-24 11:22:04,878 - INFO - Loaded globarl parameters:
2025-03-24 11:22:04,879 - INFO - surface tension = 1
2025-03-24 11:22:04,879 - INFO - intrinsic curvature = 0
2025-03-24 11:22:04,879 - INFO - bending modulus = 0
2025-03-24 11:22:04,879 - INFO - gaussian modulus = 0
2025-03-24 11:22:04,879 - INFO - volume stiffness = 1000
2025-03-24 11:28:03,201 - INFO - Loaded module: surface_energy
2025-03-24 11:28:03,202 - INFO - Loaded module: volume
2025-03-24 11:28:03,202 - INFO - Loaded vertices:
2025-03-24 11:28:03,202 - INFO - [0. 0. 0.]
2025-03-24 11:28:03,203 - INFO - [1. 0. 0.]
2025-03-24 11:28:03,203 - INFO - [1. 1. 0.]
2025-03-24 11:28:03,203 - INFO - [0. 1. 0.]
2025-03-24 11:28:03,203 - INFO - [0. 1. 1.]
2025-03-24 11:28:03,203 - INFO - [0. 0. 1.]
2025-03-24 11:28:03,204 - INFO - [1. 0. 1.]
2025-03-24 11:28:03,204 - INFO - [1. 1. 1.]
2025-03-24 11:28:03,204 - INFO - Loaded facets:
2025-03-24 11:28:03,204 - INFO - (0, 1, 2, 3) {'refine': False, 'fixed': True, 'energy': 'default'}
2025-03-24 11:28:03,204 - INFO - (0, 1, 6, 5) {'refine': True, 'energy': 'new_module'}
2025-03-24 11:28:03,204 - INFO - (0, 3, 4, 5) {}
2025-03-24 11:28:03,205 - INFO - (1, 2, 7, 6) {}
2025-03-24 11:28:03,205 - INFO - (2, 3, 4, 7) {}
2025-03-24 11:28:03,205 - INFO - (4, 5, 6, 7) {}
2025-03-24 11:28:03,205 - INFO - Loaded globarl parameters:
2025-03-24 11:28:03,205 - INFO - surface tension = 1
2025-03-24 11:28:03,205 - INFO - intrinsic curvature = 0
2025-03-24 11:28:03,205 - INFO - bending modulus = 0
2025-03-24 11:28:03,205 - INFO - gaussian modulus = 0
2025-03-24 11:28:03,205 - INFO - volume stiffness = 1000
2025-03-24 11:28:03,206 - INFO - 
After initial triangulation:
2025-03-24 11:28:03,206 - INFO - Number of vertices: 14
2025-03-24 11:28:03,206 - INFO - (0, 1, 8) {'refine': False, 'fixed': True, 'energy': 'default'}
2025-03-24 11:28:03,206 - INFO - (1, 2, 8) {'refine': False, 'fixed': True, 'energy': 'default'}
2025-03-24 11:28:03,206 - INFO - (2, 3, 8) {'refine': False, 'fixed': True, 'energy': 'default'}
2025-03-24 11:28:03,206 - INFO - (3, 0, 8) {'refine': False, 'fixed': True, 'energy': 'default'}
2025-03-24 11:28:03,206 - INFO - (0, 1, 9) {'refine': True, 'energy': 'new_module'}
2025-03-24 11:28:03,207 - INFO - (1, 6, 9) {'refine': True, 'energy': 'new_module'}
2025-03-24 11:28:03,207 - INFO - (6, 5, 9) {'refine': True, 'energy': 'new_module'}
2025-03-24 11:28:03,207 - INFO - (5, 0, 9) {'refine': True, 'energy': 'new_module'}
2025-03-24 11:28:03,207 - INFO - (0, 3, 10) {}
2025-03-24 11:28:03,207 - INFO - (3, 4, 10) {}
2025-03-24 11:28:03,207 - INFO - (4, 5, 10) {}
2025-03-24 11:28:03,207 - INFO - (5, 0, 10) {}
2025-03-24 11:28:03,207 - INFO - (1, 2, 11) {}
2025-03-24 11:28:03,207 - INFO - (2, 7, 11) {}
2025-03-24 11:28:03,208 - INFO - (7, 6, 11) {}
2025-03-24 11:28:03,208 - INFO - (6, 1, 11) {}
2025-03-24 11:28:03,208 - INFO - (2, 3, 12) {}
2025-03-24 11:28:03,208 - INFO - (3, 4, 12) {}
2025-03-24 11:28:03,208 - INFO - (4, 7, 12) {}
2025-03-24 11:28:03,208 - INFO - (7, 2, 12) {}
2025-03-24 11:28:03,208 - INFO - (4, 5, 13) {}
2025-03-24 11:28:03,208 - INFO - (5, 6, 13) {}
2025-03-24 11:28:03,208 - INFO - (6, 7, 13) {}
2025-03-24 11:28:03,208 - INFO - (7, 4, 13) {}
2025-03-24 11:31:11,713 - INFO - Loaded module: volume
2025-03-24 11:31:11,713 - INFO - Loaded module: surface_energy
2025-03-24 11:31:11,713 - INFO - Loaded vertices:
2025-03-24 11:31:11,713 - INFO - [0. 0. 0.]
2025-03-24 11:31:11,714 - INFO - [1. 0. 0.]
2025-03-24 11:31:11,714 - INFO - [1. 1. 0.]
2025-03-24 11:31:11,714 - INFO - [0. 1. 0.]
2025-03-24 11:31:11,715 - INFO - [0. 1. 1.]
2025-03-24 11:31:11,715 - INFO - [0. 0. 1.]
2025-03-24 11:31:11,715 - INFO - [1. 0. 1.]
2025-03-24 11:31:11,715 - INFO - [1. 1. 1.]
2025-03-24 11:31:11,715 - INFO - Loaded facets:
2025-03-24 11:31:11,715 - INFO - (0, 1, 2, 3) {'refine': False, 'fixed': True, 'energy': 'default'}
2025-03-24 11:31:11,715 - INFO - (0, 1, 6, 5) {'refine': True, 'energy': 'new_module'}
2025-03-24 11:31:11,715 - INFO - (0, 3, 4, 5) {}
2025-03-24 11:31:11,716 - INFO - (1, 2, 7, 6) {}
2025-03-24 11:31:11,716 - INFO - (2, 3, 4, 7) {}
2025-03-24 11:31:11,716 - INFO - (4, 5, 6, 7) {}
2025-03-24 11:31:11,716 - INFO - Loaded globarl parameters:
2025-03-24 11:31:11,716 - INFO - surface tension = 1
2025-03-24 11:31:11,716 - INFO - intrinsic curvature = 0
2025-03-24 11:31:11,716 - INFO - bending modulus = 0
2025-03-24 11:31:11,716 - INFO - gaussian modulus = 0
2025-03-24 11:31:11,716 - INFO - volume stiffness = 1000
2025-03-24 11:31:28,669 - INFO - Loaded module: surface_energy
2025-03-24 11:31:28,669 - INFO - Loaded module: volume
2025-03-24 11:31:28,669 - INFO - Loaded vertices:
2025-03-24 11:31:28,669 - INFO - [0. 0. 0.]
2025-03-24 11:31:28,670 - INFO - [1. 0. 0.]
2025-03-24 11:31:28,670 - INFO - [1. 1. 0.]
2025-03-24 11:31:28,670 - INFO - [0. 1. 0.]
2025-03-24 11:31:28,670 - INFO - [0. 1. 1.]
2025-03-24 11:31:28,670 - INFO - [0. 0. 1.]
2025-03-24 11:31:28,671 - INFO - [1. 0. 1.]
2025-03-24 11:31:28,671 - INFO - [1. 1. 1.]
2025-03-24 11:31:28,671 - INFO - Loaded facets:
2025-03-24 11:31:28,671 - INFO - (0, 1, 2, 3) {'refine': False, 'fixed': True, 'energy': 'default'}
2025-03-24 11:31:28,671 - INFO - (0, 1, 6, 5) {'refine': True, 'energy': 'new_module'}
2025-03-24 11:31:28,671 - INFO - (0, 3, 4, 5) {}
2025-03-24 11:31:28,671 - INFO - (1, 2, 7, 6) {}
2025-03-24 11:31:28,671 - INFO - (2, 3, 4, 7) {}
2025-03-24 11:31:28,672 - INFO - (4, 5, 6, 7) {}
2025-03-24 11:31:28,672 - INFO - Loaded globarl parameters:
2025-03-24 11:31:28,672 - INFO - surface tension = 1
2025-03-24 11:31:28,672 - INFO - intrinsic curvature = 0
2025-03-24 11:31:28,672 - INFO - bending modulus = 0
2025-03-24 11:31:28,672 - INFO - gaussian modulus = 0
2025-03-24 11:31:28,672 - INFO - volume stiffness = 1000
2025-03-24 11:31:28,672 - INFO - 
After initial triangulation:
2025-03-24 11:31:28,672 - INFO - Number of vertices: 14
2025-03-24 11:31:28,672 - INFO - (0, 1, 8) {'refine': False, 'fixed': True, 'energy': 'default'}
2025-03-24 11:31:28,672 - INFO - (1, 2, 8) {'refine': False, 'fixed': True, 'energy': 'default'}
2025-03-24 11:31:28,672 - INFO - (2, 3, 8) {'refine': False, 'fixed': True, 'energy': 'default'}
2025-03-24 11:31:28,672 - INFO - (3, 0, 8) {'refine': False, 'fixed': True, 'energy': 'default'}
2025-03-24 11:31:28,673 - INFO - (0, 1, 9) {'refine': True, 'energy': 'new_module'}
2025-03-24 11:31:28,673 - INFO - (1, 6, 9) {'refine': True, 'energy': 'new_module'}
2025-03-24 11:31:28,673 - INFO - (6, 5, 9) {'refine': True, 'energy': 'new_module'}
2025-03-24 11:31:28,673 - INFO - (5, 0, 9) {'refine': True, 'energy': 'new_module'}
2025-03-24 11:31:28,673 - INFO - (0, 3, 10) {}
2025-03-24 11:31:28,673 - INFO - (3, 4, 10) {}
2025-03-24 11:31:28,673 - INFO - (4, 5, 10) {}
2025-03-24 11:31:28,673 - INFO - (5, 0, 10) {}
2025-03-24 11:31:28,673 - INFO - (1, 2, 11) {}
2025-03-24 11:31:28,673 - INFO - (2, 7, 11) {}
2025-03-24 11:31:28,674 - INFO - (7, 6, 11) {}
2025-03-24 11:31:28,674 - INFO - (6, 1, 11) {}
2025-03-24 11:31:28,674 - INFO - (2, 3, 12) {}
2025-03-24 11:31:28,674 - INFO - (3, 4, 12) {}
2025-03-24 11:31:28,674 - INFO - (4, 7, 12) {}
2025-03-24 11:31:28,674 - INFO - (7, 2, 12) {}
2025-03-24 11:31:28,674 - INFO - (4, 5, 13) {}
2025-03-24 11:31:28,674 - INFO - (5, 6, 13) {}
2025-03-24 11:31:28,675 - INFO - (6, 7, 13) {}
2025-03-24 11:31:28,675 - INFO - (7, 4, 13) {}
2025-03-24 11:31:28,675 - INFO - Initial volume of object: 1.0
2025-03-24 11:31:41,048 - INFO - Loaded module: surface_energy
2025-03-24 11:31:41,048 - INFO - Loaded module: volume
2025-03-24 11:31:41,048 - INFO - Loaded vertices:
2025-03-24 11:31:41,048 - INFO - [0. 0. 0.]
2025-03-24 11:31:41,049 - INFO - [1. 0. 0.]
2025-03-24 11:31:41,049 - INFO - [1. 1. 0.]
2025-03-24 11:31:41,049 - INFO - [0. 1. 0.]
2025-03-24 11:31:41,049 - INFO - [0. 1. 1.]
2025-03-24 11:31:41,049 - INFO - [0. 0. 1.]
2025-03-24 11:31:41,050 - INFO - [1. 0. 1.]
2025-03-24 11:31:41,050 - INFO - [1. 1. 1.]
2025-03-24 11:31:41,050 - INFO - Loaded facets:
2025-03-24 11:31:41,050 - INFO - (0, 1, 2, 3) {'refine': False, 'fixed': True, 'energy': 'default'}
2025-03-24 11:31:41,050 - INFO - (0, 1, 6, 5) {'refine': True, 'energy': 'new_module'}
2025-03-24 11:31:41,050 - INFO - (0, 3, 4, 5) {}
2025-03-24 11:31:41,050 - INFO - (1, 2, 7, 6) {}
2025-03-24 11:31:41,051 - INFO - (2, 3, 4, 7) {}
2025-03-24 11:31:41,051 - INFO - (4, 5, 6, 7) {}
2025-03-24 11:31:41,051 - INFO - Loaded globarl parameters:
2025-03-24 11:31:41,051 - INFO - surface tension = 1
2025-03-24 11:31:41,051 - INFO - intrinsic curvature = 0
2025-03-24 11:31:41,051 - INFO - bending modulus = 0
2025-03-24 11:31:41,051 - INFO - gaussian modulus = 0
2025-03-24 11:31:41,051 - INFO - volume stiffness = 1000
2025-03-24 11:31:41,052 - INFO - 
After initial triangulation:
2025-03-24 11:31:41,052 - INFO - Number of vertices: 14
2025-03-24 11:31:41,052 - INFO - (0, 1, 8) {'refine': False, 'fixed': True, 'energy': 'default'}
2025-03-24 11:31:41,052 - INFO - (1, 2, 8) {'refine': False, 'fixed': True, 'energy': 'default'}
2025-03-24 11:31:41,052 - INFO - (2, 3, 8) {'refine': False, 'fixed': True, 'energy': 'default'}
2025-03-24 11:31:41,052 - INFO - (3, 0, 8) {'refine': False, 'fixed': True, 'energy': 'default'}
2025-03-24 11:31:41,052 - INFO - (0, 1, 9) {'refine': True, 'energy': 'new_module'}
2025-03-24 11:31:41,052 - INFO - (1, 6, 9) {'refine': True, 'energy': 'new_module'}
2025-03-24 11:31:41,052 - INFO - (6, 5, 9) {'refine': True, 'energy': 'new_module'}
2025-03-24 11:31:41,053 - INFO - (5, 0, 9) {'refine': True, 'energy': 'new_module'}
2025-03-24 11:31:41,053 - INFO - (0, 3, 10) {}
2025-03-24 11:31:41,053 - INFO - (3, 4, 10) {}
2025-03-24 11:31:41,053 - INFO - (4, 5, 10) {}
2025-03-24 11:31:41,053 - INFO - (5, 0, 10) {}
2025-03-24 11:31:41,053 - INFO - (1, 2, 11) {}
2025-03-24 11:31:41,053 - INFO - (2, 7, 11) {}
2025-03-24 11:31:41,053 - INFO - (7, 6, 11) {}
2025-03-24 11:31:41,053 - INFO - (6, 1, 11) {}
2025-03-24 11:31:41,053 - INFO - (2, 3, 12) {}
2025-03-24 11:31:41,054 - INFO - (3, 4, 12) {}
2025-03-24 11:31:41,054 - INFO - (4, 7, 12) {}
2025-03-24 11:31:41,054 - INFO - (7, 2, 12) {}
2025-03-24 11:31:41,054 - INFO - (4, 5, 13) {}
2025-03-24 11:31:41,054 - INFO - (5, 6, 13) {}
2025-03-24 11:31:41,054 - INFO - (6, 7, 13) {}
2025-03-24 11:31:41,054 - INFO - (7, 4, 13) {}
2025-03-24 11:31:41,054 - INFO - Initial volume of object: 1.0
2025-03-24 11:32:30,452 - INFO - Loaded module: surface_energy
2025-03-24 11:32:30,453 - INFO - Loaded module: volume
2025-03-24 11:32:30,453 - INFO - Number of vertices: 8
2025-03-24 11:32:30,453 - INFO - Loaded vertices:
2025-03-24 11:32:30,453 - INFO - [0. 0. 0.]
2025-03-24 11:32:30,454 - INFO - [1. 0. 0.]
2025-03-24 11:32:30,454 - INFO - [1. 1. 0.]
2025-03-24 11:32:30,454 - INFO - [0. 1. 0.]
2025-03-24 11:32:30,454 - INFO - [0. 1. 1.]
2025-03-24 11:32:30,454 - INFO - [0. 0. 1.]
2025-03-24 11:32:30,454 - INFO - [1. 0. 1.]
2025-03-24 11:32:30,455 - INFO - [1. 1. 1.]
2025-03-24 11:32:30,455 - INFO - Loaded facets:
2025-03-24 11:32:30,455 - INFO - (0, 1, 2, 3) {'refine': False, 'fixed': True, 'energy': 'default'}
2025-03-24 11:32:30,455 - INFO - (0, 1, 6, 5) {'refine': True, 'energy': 'new_module'}
2025-03-24 11:32:30,455 - INFO - (0, 3, 4, 5) {}
2025-03-24 11:32:30,455 - INFO - (1, 2, 7, 6) {}
2025-03-24 11:32:30,455 - INFO - (2, 3, 4, 7) {}
2025-03-24 11:32:30,455 - INFO - (4, 5, 6, 7) {}
2025-03-24 11:32:30,455 - INFO - Loaded globarl parameters:
2025-03-24 11:32:30,455 - INFO - surface tension = 1
2025-03-24 11:32:30,456 - INFO - intrinsic curvature = 0
2025-03-24 11:32:30,456 - INFO - bending modulus = 0
2025-03-24 11:32:30,456 - INFO - gaussian modulus = 0
2025-03-24 11:32:30,456 - INFO - volume stiffness = 1000
2025-03-24 11:32:30,456 - INFO - 
After initial triangulation:
2025-03-24 11:32:30,456 - INFO - Initial volume of object: 0.0
2025-03-24 11:32:51,067 - INFO - Loaded module: volume
2025-03-24 11:32:51,067 - INFO - Loaded module: surface_energy
2025-03-24 11:32:51,067 - INFO - Number of vertices: 8
2025-03-24 11:32:51,068 - INFO - Loaded vertices:
2025-03-24 11:32:51,068 - INFO - [0. 0. 0.]
2025-03-24 11:32:51,068 - INFO - [1. 0. 0.]
2025-03-24 11:32:51,068 - INFO - [1. 1. 0.]
2025-03-24 11:32:51,068 - INFO - [0. 1. 0.]
2025-03-24 11:32:51,068 - INFO - [0. 1. 1.]
2025-03-24 11:32:51,069 - INFO - [0. 0. 1.]
2025-03-24 11:32:51,069 - INFO - [1. 0. 1.]
2025-03-24 11:32:51,069 - INFO - [1. 1. 1.]
2025-03-24 11:32:51,069 - INFO - Loaded facets:
2025-03-24 11:32:51,069 - INFO - (0, 1, 2, 3) {'refine': False, 'fixed': True, 'energy': 'default'}
2025-03-24 11:32:51,069 - INFO - (0, 1, 6, 5) {'refine': True, 'energy': 'new_module'}
2025-03-24 11:32:51,069 - INFO - (0, 3, 4, 5) {}
2025-03-24 11:32:51,070 - INFO - (1, 2, 7, 6) {}
2025-03-24 11:32:51,070 - INFO - (2, 3, 4, 7) {}
2025-03-24 11:32:51,070 - INFO - (4, 5, 6, 7) {}
2025-03-24 11:32:51,070 - INFO - Loaded globarl parameters:
2025-03-24 11:32:51,070 - INFO - surface tension = 1
2025-03-24 11:32:51,070 - INFO - intrinsic curvature = 0
2025-03-24 11:32:51,070 - INFO - bending modulus = 0
2025-03-24 11:32:51,070 - INFO - gaussian modulus = 0
2025-03-24 11:32:51,070 - INFO - volume stiffness = 1000
2025-03-24 11:32:51,070 - INFO - 
After initial triangulation:
2025-03-24 11:32:51,071 - INFO - Initial volume of object: 1.0
2025-03-24 11:33:11,428 - INFO - Loaded module: volume
2025-03-24 11:33:11,428 - INFO - Loaded module: surface_energy
2025-03-24 11:33:11,428 - INFO - Number of vertices: 8
2025-03-24 11:33:11,429 - INFO - Loaded vertices:
2025-03-24 11:33:11,429 - INFO - [0. 0. 0.]
2025-03-24 11:33:11,429 - INFO - [1. 0. 0.]
2025-03-24 11:33:11,430 - INFO - [1. 1. 0.]
2025-03-24 11:33:11,431 - INFO - [0. 1. 0.]
2025-03-24 11:33:11,431 - INFO - [0. 1. 1.]
2025-03-24 11:33:11,431 - INFO - [0. 0. 1.]
2025-03-24 11:33:11,432 - INFO - [1. 0. 1.]
2025-03-24 11:33:11,432 - INFO - [1. 1. 1.]
2025-03-24 11:33:11,433 - INFO - Loaded facets:
2025-03-24 11:33:11,433 - INFO - (0, 1, 2, 3) {'refine': False, 'fixed': True, 'energy': 'default'}
2025-03-24 11:33:11,433 - INFO - (0, 1, 6, 5) {'refine': True, 'energy': 'new_module'}
2025-03-24 11:33:11,433 - INFO - (0, 3, 4, 5) {}
2025-03-24 11:33:11,433 - INFO - (1, 2, 7, 6) {}
2025-03-24 11:33:11,433 - INFO - (2, 3, 4, 7) {}
2025-03-24 11:33:11,433 - INFO - (4, 5, 6, 7) {}
2025-03-24 11:33:11,434 - INFO - Loaded globarl parameters:
2025-03-24 11:33:11,434 - INFO - surface tension = 1
2025-03-24 11:33:11,434 - INFO - intrinsic curvature = 0
2025-03-24 11:33:11,434 - INFO - bending modulus = 0
2025-03-24 11:33:11,434 - INFO - gaussian modulus = 0
2025-03-24 11:33:11,434 - INFO - volume stiffness = 1000
2025-03-24 11:33:11,434 - INFO - 
After initial triangulation:
2025-03-24 11:33:11,435 - INFO - Initial volume of object: 1.0
2025-03-24 11:33:32,289 - INFO - Loaded module: volume
2025-03-24 11:33:32,290 - INFO - Loaded module: surface_energy
2025-03-24 11:33:32,290 - INFO - Number of vertices: 8
2025-03-24 11:33:32,290 - INFO - Loaded vertices:
2025-03-24 11:33:32,290 - INFO - [0. 0. 0.]
2025-03-24 11:33:32,290 - INFO - [1. 0. 0.]
2025-03-24 11:33:32,290 - INFO - [1. 1. 0.]
2025-03-24 11:33:32,291 - INFO - [0. 1. 0.]
2025-03-24 11:33:32,291 - INFO - [0. 1. 1.]
2025-03-24 11:33:32,291 - INFO - [0. 0. 1.]
2025-03-24 11:33:32,291 - INFO - [1. 0. 1.]
2025-03-24 11:33:32,291 - INFO - [1. 1. 1.]
2025-03-24 11:33:32,291 - INFO - Loaded facets:
2025-03-24 11:33:32,291 - INFO - (0, 1, 2, 3) {'refine': False, 'fixed': True, 'energy': 'default'}
2025-03-24 11:33:32,292 - INFO - (0, 1, 6, 5) {'refine': True, 'energy': 'new_module'}
2025-03-24 11:33:32,292 - INFO - (0, 3, 4, 5) {}
2025-03-24 11:33:32,292 - INFO - (1, 2, 7, 6) {}
2025-03-24 11:33:32,292 - INFO - (2, 3, 4, 7) {}
2025-03-24 11:33:32,292 - INFO - (4, 5, 6, 7) {}
2025-03-24 11:33:32,292 - INFO - Loaded global parameters:
2025-03-24 11:33:32,292 - INFO - surface tension = 1
2025-03-24 11:33:32,292 - INFO - intrinsic curvature = 0
2025-03-24 11:33:32,292 - INFO - bending modulus = 0
2025-03-24 11:33:32,292 - INFO - gaussian modulus = 0
2025-03-24 11:33:32,292 - INFO - volume stiffness = 1000
2025-03-24 11:33:32,292 - INFO - 
After initial triangulation:
2025-03-24 11:33:32,293 - INFO - Initial volume of object: 1.0
2025-03-24 11:34:23,665 - INFO - Loaded module: surface_energy
2025-03-24 11:34:23,666 - INFO - Loaded module: volume
2025-03-24 11:34:23,666 - INFO - Number of vertices: 8
2025-03-24 11:34:23,666 - INFO - Loaded vertices:
2025-03-24 11:34:23,666 - INFO - [0. 0. 0.]
2025-03-24 11:34:23,666 - INFO - [1. 0. 0.]
2025-03-24 11:34:23,667 - INFO - [1. 1. 0.]
2025-03-24 11:34:23,667 - INFO - [0. 1. 0.]
2025-03-24 11:34:23,667 - INFO - [0. 1. 1.]
2025-03-24 11:34:23,667 - INFO - [0. 0. 1.]
2025-03-24 11:34:23,667 - INFO - [1. 0. 1.]
2025-03-24 11:34:23,667 - INFO - [1. 1. 1.]
2025-03-24 11:34:23,668 - INFO - Loaded facets:
2025-03-24 11:34:23,668 - INFO - (0, 1, 2, 3) {'refine': False, 'fixed': True, 'energy': 'default'}
2025-03-24 11:34:23,668 - INFO - (0, 1, 6, 5) {'refine': True, 'energy': 'new_module'}
2025-03-24 11:34:23,668 - INFO - (0, 3, 4, 5) {}
2025-03-24 11:34:23,668 - INFO - (1, 2, 7, 6) {}
2025-03-24 11:34:23,669 - INFO - (2, 3, 4, 7) {}
2025-03-24 11:34:23,669 - INFO - (4, 5, 6, 7) {}
2025-03-24 11:34:23,669 - INFO - Loaded global parameters:
2025-03-24 11:34:23,669 - INFO - surface tension = 1
2025-03-24 11:34:23,669 - INFO - intrinsic curvature = 0
2025-03-24 11:34:23,669 - INFO - bending modulus = 0
2025-03-24 11:34:23,669 - INFO - gaussian modulus = 0
2025-03-24 11:34:23,669 - INFO - volume stiffness = 1000
2025-03-24 11:34:23,670 - INFO - 
After initial triangulation:
2025-03-24 11:34:23,670 - INFO - Initial volume of object: 1.0
2025-03-24 11:35:56,062 - INFO - Loaded module: volume
2025-03-24 11:35:56,062 - INFO - Loaded module: surface_energy
2025-03-24 11:35:56,062 - INFO - Number of vertices: 8
2025-03-24 11:35:56,062 - INFO - Loaded vertices:
2025-03-24 11:35:56,062 - INFO - [0. 0. 0.]
2025-03-24 11:35:56,063 - INFO - [1. 0. 0.]
2025-03-24 11:35:56,063 - INFO - [1. 1. 0.]
2025-03-24 11:35:56,063 - INFO - [0. 1. 0.]
2025-03-24 11:35:56,063 - INFO - [0. 1. 1.]
2025-03-24 11:35:56,063 - INFO - [0. 0. 1.]
2025-03-24 11:35:56,064 - INFO - [1. 0. 1.]
2025-03-24 11:35:56,064 - INFO - [1. 1. 1.]
2025-03-24 11:35:56,064 - INFO - Loaded facets:
2025-03-24 11:35:56,064 - INFO - (0, 1, 2, 3) {'refine': False, 'fixed': True, 'energy': 'default'}
2025-03-24 11:35:56,064 - INFO - (0, 1, 6, 5) {'refine': True, 'energy': 'new_module'}
2025-03-24 11:35:56,064 - INFO - (0, 3, 4, 5) {}
2025-03-24 11:35:56,064 - INFO - (1, 2, 7, 6) {}
2025-03-24 11:35:56,064 - INFO - (2, 3, 4, 7) {}
2025-03-24 11:35:56,065 - INFO - (4, 5, 6, 7) {}
2025-03-24 11:35:56,065 - INFO - Loaded global parameters:
2025-03-24 11:35:56,065 - INFO - surface tension = 1
2025-03-24 11:35:56,065 - INFO - intrinsic curvature = 0
2025-03-24 11:35:56,065 - INFO - bending modulus = 0
2025-03-24 11:35:56,065 - INFO - gaussian modulus = 0
2025-03-24 11:35:56,065 - INFO - volume stiffness = 1000
2025-03-24 11:35:56,065 - INFO - 
After initial triangulation:
2025-03-24 11:35:56,065 - INFO - [0. 0. 0.]
2025-03-24 11:35:56,066 - INFO - [1. 0. 0.]
2025-03-24 11:35:56,066 - INFO - [1. 1. 0.]
2025-03-24 11:35:56,067 - INFO - [0. 1. 0.]
2025-03-24 11:35:56,067 - INFO - [0. 1. 1.]
2025-03-24 11:35:56,067 - INFO - [0. 0. 1.]
2025-03-24 11:35:56,068 - INFO - [1. 0. 1.]
2025-03-24 11:35:56,068 - INFO - [1. 1. 1.]
2025-03-24 11:35:56,069 - INFO - [0.5 0.5 0. ]
2025-03-24 11:35:56,069 - INFO - [0.5 0.  0.5]
2025-03-24 11:35:56,069 - INFO - [0.  0.5 0.5]
2025-03-24 11:35:56,070 - INFO - [1.  0.5 0.5]
2025-03-24 11:35:56,070 - INFO - [0.5 1.  0.5]
2025-03-24 11:35:56,071 - INFO - [0.5 0.5 1. ]
2025-03-24 11:35:56,071 - INFO - Loaded facets:
2025-03-24 11:35:56,071 - INFO - (0, 1, 2, 3) {'refine': False, 'fixed': True, 'energy': 'default'}
2025-03-24 11:35:56,071 - INFO - (0, 1, 6, 5) {'refine': True, 'energy': 'new_module'}
2025-03-24 11:35:56,071 - INFO - (0, 3, 4, 5) {}
2025-03-24 11:35:56,071 - INFO - (1, 2, 7, 6) {}
2025-03-24 11:35:56,072 - INFO - (2, 3, 4, 7) {}
2025-03-24 11:35:56,072 - INFO - (4, 5, 6, 7) {}
2025-03-24 11:35:56,072 - INFO - Loaded global parameters:
2025-03-24 11:35:56,072 - INFO - Initial volume of object: 1.0
2025-03-24 11:40:44,909 - INFO - Loaded module: surface_energy
2025-03-24 11:40:44,909 - INFO - Loaded module: volume
2025-03-24 11:40:44,909 - INFO - Number of vertices: 8
2025-03-24 11:40:44,909 - INFO - Loaded vertices:
2025-03-24 11:40:44,909 - INFO - [0. 0. 0.]
2025-03-24 11:40:44,909 - INFO - [1. 0. 0.]
2025-03-24 11:40:44,909 - INFO - [1. 1. 0.]
2025-03-24 11:40:44,910 - INFO - [0. 1. 0.]
2025-03-24 11:40:44,910 - INFO - [0. 1. 1.]
2025-03-24 11:40:44,910 - INFO - [0. 0. 1.]
2025-03-24 11:40:44,910 - INFO - [1. 0. 1.]
2025-03-24 11:40:44,910 - INFO - [1. 1. 1.]
2025-03-24 11:40:44,910 - INFO - Loaded facets:
2025-03-24 11:40:44,910 - INFO - (0, 1, 2, 3) {'refine': False, 'fixed': True, 'energy': 'default'}
2025-03-24 11:40:44,910 - INFO - (0, 1, 6, 5) {'refine': True, 'energy': 'new_module'}
2025-03-24 11:40:44,910 - INFO - (0, 3, 4, 5) {}
2025-03-24 11:40:44,910 - INFO - (1, 2, 7, 6) {}
2025-03-24 11:40:44,910 - INFO - (2, 3, 4, 7) {}
2025-03-24 11:40:44,910 - INFO - (4, 5, 6, 7) {}
2025-03-24 11:40:44,910 - INFO - Loaded global parameters:
2025-03-24 11:40:44,910 - INFO - surface tension = 1
2025-03-24 11:40:44,910 - INFO - intrinsic curvature = 0
2025-03-24 11:40:44,910 - INFO - bending modulus = 0
2025-03-24 11:40:44,910 - INFO - gaussian modulus = 0
2025-03-24 11:40:44,910 - INFO - volume stiffness = 1000
2025-03-24 11:40:44,910 - INFO - 
After initial triangulation:
2025-03-24 11:40:44,910 - INFO - [0. 0. 0.]
2025-03-24 11:40:44,910 - INFO - [1. 0. 0.]
2025-03-24 11:40:44,911 - INFO - [1. 1. 0.]
2025-03-24 11:40:44,911 - INFO - [0. 1. 0.]
2025-03-24 11:40:44,911 - INFO - [0. 1. 1.]
2025-03-24 11:40:44,911 - INFO - [0. 0. 1.]
2025-03-24 11:40:44,911 - INFO - [1. 0. 1.]
2025-03-24 11:40:44,911 - INFO - [1. 1. 1.]
2025-03-24 11:40:44,912 - INFO - [0.5 0.5 0. ]
2025-03-24 11:40:44,912 - INFO - [0.5 0.  0.5]
2025-03-24 11:40:44,912 - INFO - [0.  0.5 0.5]
2025-03-24 11:40:44,912 - INFO - [1.  0.5 0.5]
2025-03-24 11:40:44,913 - INFO - [0.5 1.  0.5]
2025-03-24 11:40:44,913 - INFO - [0.5 0.5 1. ]
2025-03-24 11:40:44,913 - INFO - Loaded facets:
2025-03-24 11:40:44,913 - INFO - (0, 1, 2, 3) {'refine': False, 'fixed': True, 'energy': 'default'}
2025-03-24 11:40:44,913 - INFO - (0, 1, 6, 5) {'refine': True, 'energy': 'new_module'}
2025-03-24 11:40:44,913 - INFO - (0, 3, 4, 5) {}
2025-03-24 11:40:44,913 - INFO - (1, 2, 7, 6) {}
2025-03-24 11:40:44,913 - INFO - (2, 3, 4, 7) {}
2025-03-24 11:40:44,913 - INFO - (4, 5, 6, 7) {}
2025-03-24 11:40:44,913 - INFO - Loaded global parameters:
2025-03-24 11:40:44,914 - INFO - Initial volume of object: 1.0
2025-03-24 11:41:49,022 - INFO - Loaded module: surface_energy
2025-03-24 11:41:49,022 - INFO - Loaded module: volume
2025-03-24 11:41:49,022 - INFO - Number of vertices: 8
2025-03-24 11:41:49,022 - INFO - Loaded vertices:
2025-03-24 11:41:49,022 - INFO - [0. 0. 0.]
2025-03-24 11:41:49,022 - INFO - [1. 0. 0.]
2025-03-24 11:41:49,022 - INFO - [1. 1. 0.]
2025-03-24 11:41:49,023 - INFO - [0. 1. 0.]
2025-03-24 11:41:49,023 - INFO - [0. 1. 1.]
2025-03-24 11:41:49,023 - INFO - [0. 0. 1.]
2025-03-24 11:41:49,023 - INFO - [1. 0. 1.]
2025-03-24 11:41:49,023 - INFO - [1. 1. 1.]
2025-03-24 11:41:49,023 - INFO - Number of facets: 6
2025-03-24 11:41:49,023 - INFO - Loaded facets:
2025-03-24 11:41:49,023 - INFO - (0, 1, 2, 3) {'refine': False, 'fixed': True, 'energy': 'default'}
2025-03-24 11:41:49,023 - INFO - (0, 1, 6, 5) {'refine': True, 'energy': 'new_module'}
2025-03-24 11:41:49,023 - INFO - (0, 3, 4, 5) {}
2025-03-24 11:41:49,023 - INFO - (1, 2, 7, 6) {}
2025-03-24 11:41:49,023 - INFO - (2, 3, 4, 7) {}
2025-03-24 11:41:49,023 - INFO - (4, 5, 6, 7) {}
2025-03-24 11:41:49,023 - INFO - Loaded global parameters:
2025-03-24 11:41:49,023 - INFO - surface tension = 1
2025-03-24 11:41:49,023 - INFO - intrinsic curvature = 0
2025-03-24 11:41:49,023 - INFO - bending modulus = 0
2025-03-24 11:41:49,023 - INFO - gaussian modulus = 0
2025-03-24 11:41:49,024 - INFO - volume stiffness = 1000
2025-03-24 11:41:49,024 - INFO - 
After initial triangulation:
2025-03-24 11:41:49,024 - INFO - Number of vertices: 14
2025-03-24 11:41:49,024 - INFO - [0. 0. 0.]
2025-03-24 11:41:49,024 - INFO - [1. 0. 0.]
2025-03-24 11:41:49,024 - INFO - [1. 1. 0.]
2025-03-24 11:41:49,024 - INFO - [0. 1. 0.]
2025-03-24 11:41:49,025 - INFO - [0. 1. 1.]
2025-03-24 11:41:49,025 - INFO - [0. 0. 1.]
2025-03-24 11:41:49,025 - INFO - [1. 0. 1.]
2025-03-24 11:41:49,025 - INFO - [1. 1. 1.]
2025-03-24 11:41:49,026 - INFO - [0.5 0.5 0. ]
2025-03-24 11:41:49,026 - INFO - [0.5 0.  0.5]
2025-03-24 11:41:49,026 - INFO - [0.  0.5 0.5]
2025-03-24 11:41:49,026 - INFO - [1.  0.5 0.5]
2025-03-24 11:41:49,026 - INFO - [0.5 1.  0.5]
2025-03-24 11:41:49,027 - INFO - [0.5 0.5 1. ]
2025-03-24 11:41:49,027 - INFO - Number of facets: 6
2025-03-24 11:41:49,027 - INFO - Triangulated facets:
2025-03-24 11:41:49,027 - INFO - (0, 1, 2, 3) {'refine': False, 'fixed': True, 'energy': 'default'}
2025-03-24 11:41:49,027 - INFO - (0, 1, 6, 5) {'refine': True, 'energy': 'new_module'}
2025-03-24 11:41:49,027 - INFO - (0, 3, 4, 5) {}
2025-03-24 11:41:49,027 - INFO - (1, 2, 7, 6) {}
2025-03-24 11:41:49,027 - INFO - (2, 3, 4, 7) {}
2025-03-24 11:41:49,027 - INFO - (4, 5, 6, 7) {}
2025-03-24 11:41:49,027 - INFO - Loaded global parameters:
2025-03-24 11:41:49,028 - INFO - Initial volume of object: 1.0
